mode: set
github.com/serverkraken/flow/internal/adapter/apiclient/client.go:23.38,25.2 1 1
github.com/serverkraken/flow/internal/adapter/apiclient/client.go:28.62,30.2 1 1
github.com/serverkraken/flow/internal/adapter/apiclient/client.go:35.74,39.2 3 1
github.com/serverkraken/flow/internal/adapter/apiclient/client.go:41.67,43.16 2 1
github.com/serverkraken/flow/internal/adapter/apiclient/client.go:43.16,45.3 1 0
github.com/serverkraken/flow/internal/adapter/apiclient/client.go:46.2,47.16 2 1
github.com/serverkraken/flow/internal/adapter/apiclient/client.go:47.16,49.3 1 0
github.com/serverkraken/flow/internal/adapter/apiclient/client.go:50.2,50.15 1 1
github.com/serverkraken/flow/internal/adapter/apiclient/client.go:50.15,50.39 1 1
github.com/serverkraken/flow/internal/adapter/apiclient/client.go:51.2,51.37 1 1
github.com/serverkraken/flow/internal/adapter/apiclient/client.go:51.37,53.3 1 1
github.com/serverkraken/flow/internal/adapter/apiclient/client.go:54.2,55.61 2 1
github.com/serverkraken/flow/internal/adapter/apiclient/client.go:55.61,57.3 1 0
github.com/serverkraken/flow/internal/adapter/apiclient/client.go:58.2,58.15 1 1
github.com/serverkraken/flow/internal/adapter/apiclient/client.go:61.84,63.17 2 1
github.com/serverkraken/flow/internal/adapter/apiclient/client.go:63.17,65.17 2 1
github.com/serverkraken/flow/internal/adapter/apiclient/client.go:65.17,67.4 1 0
github.com/serverkraken/flow/internal/adapter/apiclient/client.go:68.3,68.25 1 1
github.com/serverkraken/flow/internal/adapter/apiclient/client.go:70.2,71.16 2 1
github.com/serverkraken/flow/internal/adapter/apiclient/client.go:71.16,73.3 1 0
github.com/serverkraken/flow/internal/adapter/apiclient/client.go:74.2,74.17 1 1
github.com/serverkraken/flow/internal/adapter/apiclient/client.go:74.17,76.3 1 1
github.com/serverkraken/flow/internal/adapter/apiclient/client.go:77.2,78.16 2 1
github.com/serverkraken/flow/internal/adapter/apiclient/client.go:78.16,80.3 1 0
github.com/serverkraken/flow/internal/adapter/apiclient/client.go:81.2,81.15 1 1
github.com/serverkraken/flow/internal/adapter/apiclient/client.go:81.15,81.39 1 1
github.com/serverkraken/flow/internal/adapter/apiclient/client.go:82.2,82.27 1 1
github.com/serverkraken/flow/internal/adapter/apiclient/client.go:82.27,84.3 1 1
github.com/serverkraken/flow/internal/adapter/apiclient/client.go:85.2,85.16 1 1
github.com/serverkraken/flow/internal/adapter/apiclient/client.go:85.16,87.3 1 1
github.com/serverkraken/flow/internal/adapter/apiclient/client.go:88.2,88.12 1 1
github.com/serverkraken/flow/internal/adapter/apiclient/client.go:91.117,96.2 3 1
github.com/serverkraken/flow/internal/adapter/apiclient/client.go:98.101,103.2 3 1
github.com/serverkraken/flow/internal/adapter/apiclient/client.go:105.161,110.2 3 1
github.com/serverkraken/flow/internal/adapter/apiclient/client.go:112.70,114.2 1 1
github.com/serverkraken/flow/internal/adapter/apiclient/client.go:116.82,120.2 3 1
github.com/serverkraken/flow/internal/adapter/apiclient/client.go:122.90,126.2 3 1
github.com/serverkraken/flow/internal/adapter/apiclient/client.go:128.78,132.2 3 1
github.com/serverkraken/flow/internal/adapter/apiclient/dayoffs.go:19.120,24.2 1 1
github.com/serverkraken/flow/internal/adapter/apiclient/dayoffs.go:26.86,31.2 4 1
github.com/serverkraken/flow/internal/adapter/apiclient/dayoffs.go:33.70,35.2 1 0
github.com/serverkraken/flow/internal/adapter/apiclient/dayoffs.go:45.69,49.2 3 0
github.com/serverkraken/flow/internal/adapter/apiclient/dayoffs.go:51.72,53.2 1 0
github.com/serverkraken/flow/internal/adapter/apiclient/dayoffs.go:55.101,59.2 1 1
github.com/serverkraken/flow/internal/adapter/apiclient/dayoffs.go:62.69,69.2 3 0
github.com/serverkraken/flow/internal/adapter/apiclient/documents.go:20.103,24.2 3 1
github.com/serverkraken/flow/internal/adapter/apiclient/documents.go:26.96,28.19 2 1
github.com/serverkraken/flow/internal/adapter/apiclient/documents.go:28.19,30.26 2 1
github.com/serverkraken/flow/internal/adapter/apiclient/documents.go:30.26,32.4 1 1
github.com/serverkraken/flow/internal/adapter/apiclient/documents.go:33.3,33.27 1 1
github.com/serverkraken/flow/internal/adapter/apiclient/documents.go:35.2,37.17 3 1
github.com/serverkraken/flow/internal/adapter/apiclient/documents.go:40.71,44.2 3 1
github.com/serverkraken/flow/internal/adapter/apiclient/documents.go:46.87,50.2 3 1
github.com/serverkraken/flow/internal/adapter/apiclient/documents.go:58.114,62.2 3 1
github.com/serverkraken/flow/internal/adapter/apiclient/documents.go:64.71,66.2 1 1
github.com/serverkraken/flow/internal/adapter/apiclient/documents.go:69.100,72.25 3 1
github.com/serverkraken/flow/internal/adapter/apiclient/documents.go:72.25,74.3 1 1
github.com/serverkraken/flow/internal/adapter/apiclient/documents.go:75.2,77.17 3 1
github.com/serverkraken/flow/internal/adapter/apiclient/documents.go:80.90,84.2 3 1
github.com/serverkraken/flow/internal/adapter/apiclient/events.go:21.74,23.16 2 1
github.com/serverkraken/flow/internal/adapter/apiclient/events.go:23.16,25.3 1 0
github.com/serverkraken/flow/internal/adapter/apiclient/events.go:26.2,27.16 2 1
github.com/serverkraken/flow/internal/adapter/apiclient/events.go:27.16,29.3 1 0
github.com/serverkraken/flow/internal/adapter/apiclient/events.go:30.2,30.37 1 1
github.com/serverkraken/flow/internal/adapter/apiclient/events.go:30.37,33.3 2 0
github.com/serverkraken/flow/internal/adapter/apiclient/events.go:34.2,35.12 2 1
github.com/serverkraken/flow/internal/adapter/apiclient/events.go:35.12,37.16 2 1
github.com/serverkraken/flow/internal/adapter/apiclient/events.go:37.16,37.40 1 1
github.com/serverkraken/flow/internal/adapter/apiclient/events.go:38.3,41.17 4 1
github.com/serverkraken/flow/internal/adapter/apiclient/events.go:41.17,43.11 2 1
github.com/serverkraken/flow/internal/adapter/apiclient/events.go:44.43,45.53 1 1
github.com/serverkraken/flow/internal/adapter/apiclient/events.go:46.42,47.50 1 1
github.com/serverkraken/flow/internal/adapter/apiclient/events.go:48.20,49.21 1 1
github.com/serverkraken/flow/internal/adapter/apiclient/events.go:49.21,50.14 1 0
github.com/serverkraken/flow/internal/adapter/apiclient/events.go:52.5,56.12 3 1
github.com/serverkraken/flow/internal/adapter/apiclient/events.go:57.62,57.62 0 1
github.com/serverkraken/flow/internal/adapter/apiclient/events.go:58.23,59.12 1 0
github.com/serverkraken/flow/internal/adapter/apiclient/events.go:61.5,61.26 1 1
github.com/serverkraken/flow/internal/adapter/apiclient/events.go:65.2,65.16 1 1
github.com/serverkraken/flow/internal/adapter/apiclient/export.go:14.98,16.21 2 1
github.com/serverkraken/flow/internal/adapter/apiclient/export.go:16.21,18.3 1 1
github.com/serverkraken/flow/internal/adapter/apiclient/export.go:19.2,20.16 2 1
github.com/serverkraken/flow/internal/adapter/apiclient/export.go:20.16,22.3 1 0
github.com/serverkraken/flow/internal/adapter/apiclient/export.go:23.2,24.16 2 1
github.com/serverkraken/flow/internal/adapter/apiclient/export.go:24.16,26.3 1 0
github.com/serverkraken/flow/internal/adapter/apiclient/export.go:27.2,27.15 1 1
github.com/serverkraken/flow/internal/adapter/apiclient/export.go:27.15,27.39 1 1
github.com/serverkraken/flow/internal/adapter/apiclient/export.go:28.2,28.37 1 1
github.com/serverkraken/flow/internal/adapter/apiclient/export.go:28.37,30.3 1 1
github.com/serverkraken/flow/internal/adapter/apiclient/export.go:31.2,31.29 1 1
github.com/serverkraken/flow/internal/adapter/apiclient/export.go:36.110,39.2 1 1
github.com/serverkraken/flow/internal/adapter/apiclient/stats.go:52.63,56.2 3 1
github.com/serverkraken/flow/internal/adapter/apiclient/stats.go:58.78,60.15 2 1
github.com/serverkraken/flow/internal/adapter/apiclient/stats.go:60.15,62.3 1 1
github.com/serverkraken/flow/internal/adapter/apiclient/stats.go:63.2,65.17 3 1
github.com/serverkraken/flow/internal/adapter/apiclient/stats.go:68.75,72.2 3 1
github.com/serverkraken/flow/internal/adapter/apiclient/stats.go:74.69,78.2 3 1
github.com/serverkraken/flow/internal/adapter/embed/ollama.go:29.44,30.16 1 1
github.com/serverkraken/flow/internal/adapter/embed/ollama.go:30.16,32.3 1 0
github.com/serverkraken/flow/internal/adapter/embed/ollama.go:33.2,33.17 1 1
github.com/serverkraken/flow/internal/adapter/embed/ollama.go:33.17,35.3 1 0
github.com/serverkraken/flow/internal/adapter/embed/ollama.go:36.2,40.3 1 1
github.com/serverkraken/flow/internal/adapter/embed/ollama.go:53.82,54.21 1 1
github.com/serverkraken/flow/internal/adapter/embed/ollama.go:54.21,56.3 1 0
github.com/serverkraken/flow/internal/adapter/embed/ollama.go:57.2,58.16 2 1
github.com/serverkraken/flow/internal/adapter/embed/ollama.go:58.16,60.3 1 0
github.com/serverkraken/flow/internal/adapter/embed/ollama.go:61.2,62.16 2 1
github.com/serverkraken/flow/internal/adapter/embed/ollama.go:62.16,64.3 1 0
github.com/serverkraken/flow/internal/adapter/embed/ollama.go:65.2,67.16 3 1
github.com/serverkraken/flow/internal/adapter/embed/ollama.go:67.16,69.3 1 0
github.com/serverkraken/flow/internal/adapter/embed/ollama.go:70.2,70.15 1 1
github.com/serverkraken/flow/internal/adapter/embed/ollama.go:70.15,70.40 1 1
github.com/serverkraken/flow/internal/adapter/embed/ollama.go:71.2,71.38 1 1
github.com/serverkraken/flow/internal/adapter/embed/ollama.go:71.38,74.3 2 1
github.com/serverkraken/flow/internal/adapter/embed/ollama.go:75.2,76.63 2 1
github.com/serverkraken/flow/internal/adapter/embed/ollama.go:76.63,78.3 1 0
github.com/serverkraken/flow/internal/adapter/embed/ollama.go:79.2,79.38 1 1
github.com/serverkraken/flow/internal/adapter/embed/ollama.go:79.38,81.3 1 0
github.com/serverkraken/flow/internal/adapter/embed/ollama.go:82.2,82.27 1 1
github.com/serverkraken/flow/internal/adapter/httpserver/dayoffs.go:27.45,35.2 1 1
github.com/serverkraken/flow/internal/adapter/httpserver/dayoffs.go:37.76,40.9 3 1
github.com/serverkraken/flow/internal/adapter/httpserver/dayoffs.go:40.9,43.3 2 0
github.com/serverkraken/flow/internal/adapter/httpserver/dayoffs.go:44.2,45.16 2 1
github.com/serverkraken/flow/internal/adapter/httpserver/dayoffs.go:45.16,48.3 2 0
github.com/serverkraken/flow/internal/adapter/httpserver/dayoffs.go:49.2,50.25 2 1
github.com/serverkraken/flow/internal/adapter/httpserver/dayoffs.go:50.25,52.3 1 1
github.com/serverkraken/flow/internal/adapter/httpserver/dayoffs.go:53.2,53.34 1 1
github.com/serverkraken/flow/internal/adapter/httpserver/dayoffs.go:65.75,68.61 3 1
github.com/serverkraken/flow/internal/adapter/httpserver/dayoffs.go:68.61,71.3 2 1
github.com/serverkraken/flow/internal/adapter/httpserver/dayoffs.go:72.2,74.32 3 1
github.com/serverkraken/flow/internal/adapter/httpserver/dayoffs.go:74.32,77.3 2 1
github.com/serverkraken/flow/internal/adapter/httpserver/dayoffs.go:78.2,79.9 2 1
github.com/serverkraken/flow/internal/adapter/httpserver/dayoffs.go:79.9,82.3 2 0
github.com/serverkraken/flow/internal/adapter/httpserver/dayoffs.go:83.2,85.9 2 1
github.com/serverkraken/flow/internal/adapter/httpserver/dayoffs.go:86.94,88.9 2 1
github.com/serverkraken/flow/internal/adapter/httpserver/dayoffs.go:89.18,91.9 2 0
github.com/serverkraken/flow/internal/adapter/httpserver/dayoffs.go:93.2,93.35 1 1
github.com/serverkraken/flow/internal/adapter/httpserver/dayoffs.go:96.77,99.16 3 1
github.com/serverkraken/flow/internal/adapter/httpserver/dayoffs.go:99.16,102.3 2 1
github.com/serverkraken/flow/internal/adapter/httpserver/dayoffs.go:103.2,103.71 1 1
github.com/serverkraken/flow/internal/adapter/httpserver/dayoffs.go:103.71,106.3 2 0
github.com/serverkraken/flow/internal/adapter/httpserver/dayoffs.go:107.2,107.37 1 1
github.com/serverkraken/flow/internal/adapter/httpserver/dayoffs.go:111.63,115.32 4 1
github.com/serverkraken/flow/internal/adapter/httpserver/dayoffs.go:115.32,117.3 1 1
github.com/serverkraken/flow/internal/adapter/httpserver/dayoffs.go:118.2,118.23 1 1
github.com/serverkraken/flow/internal/adapter/httpserver/dayoffs.go:128.76,131.16 3 1
github.com/serverkraken/flow/internal/adapter/httpserver/dayoffs.go:131.16,134.3 2 0
github.com/serverkraken/flow/internal/adapter/httpserver/dayoffs.go:135.2,136.25 2 1
github.com/serverkraken/flow/internal/adapter/httpserver/dayoffs.go:136.25,138.3 1 1
github.com/serverkraken/flow/internal/adapter/httpserver/dayoffs.go:139.2,140.41 2 1
github.com/serverkraken/flow/internal/adapter/httpserver/dayoffs.go:140.41,142.3 1 0
github.com/serverkraken/flow/internal/adapter/httpserver/dayoffs.go:143.2,148.4 1 1
github.com/serverkraken/flow/internal/adapter/httpserver/dayoffs.go:156.74,159.61 3 1
github.com/serverkraken/flow/internal/adapter/httpserver/dayoffs.go:159.61,162.3 2 0
github.com/serverkraken/flow/internal/adapter/httpserver/dayoffs.go:163.2,164.41 2 1
github.com/serverkraken/flow/internal/adapter/httpserver/dayoffs.go:164.41,166.35 2 1
github.com/serverkraken/flow/internal/adapter/httpserver/dayoffs.go:166.35,169.4 2 1
github.com/serverkraken/flow/internal/adapter/httpserver/dayoffs.go:170.3,170.31 1 1
github.com/serverkraken/flow/internal/adapter/httpserver/dayoffs.go:172.2,173.45 2 1
github.com/serverkraken/flow/internal/adapter/httpserver/dayoffs.go:173.45,176.3 2 0
github.com/serverkraken/flow/internal/adapter/httpserver/dayoffs.go:177.2,177.16 1 1
github.com/serverkraken/flow/internal/adapter/httpserver/dayoffs.go:177.16,180.3 2 0
github.com/serverkraken/flow/internal/adapter/httpserver/dayoffs.go:181.2,182.37 2 1
github.com/serverkraken/flow/internal/adapter/httpserver/dayoffs.go:189.78,192.61 3 1
github.com/serverkraken/flow/internal/adapter/httpserver/dayoffs.go:192.61,195.3 2 0
github.com/serverkraken/flow/internal/adapter/httpserver/dayoffs.go:196.2,197.9 2 1
github.com/serverkraken/flow/internal/adapter/httpserver/dayoffs.go:198.47,200.9 2 1
github.com/serverkraken/flow/internal/adapter/httpserver/dayoffs.go:201.18,203.9 2 0
github.com/serverkraken/flow/internal/adapter/httpserver/dayoffs.go:205.2,205.37 1 1
github.com/serverkraken/flow/internal/adapter/httpserver/dayoffs.go:213.78,216.16 3 1
github.com/serverkraken/flow/internal/adapter/httpserver/dayoffs.go:216.16,219.3 2 0
github.com/serverkraken/flow/internal/adapter/httpserver/dayoffs.go:220.2,220.76 1 1
github.com/serverkraken/flow/internal/adapter/httpserver/dayoffs.go:225.51,227.66 2 1
github.com/serverkraken/flow/internal/adapter/httpserver/dayoffs.go:227.66,229.3 1 0
github.com/serverkraken/flow/internal/adapter/httpserver/dayoffs.go:230.2,230.59 1 1
github.com/serverkraken/flow/internal/adapter/httpserver/documents.go:22.79,25.61 3 1
github.com/serverkraken/flow/internal/adapter/httpserver/documents.go:25.61,28.3 2 0
github.com/serverkraken/flow/internal/adapter/httpserver/documents.go:29.2,36.9 2 1
github.com/serverkraken/flow/internal/adapter/httpserver/documents.go:37.49,38.59 1 1
github.com/serverkraken/flow/internal/adapter/httpserver/documents.go:39.47,40.60 1 1
github.com/serverkraken/flow/internal/adapter/httpserver/documents.go:41.18,42.64 1 1
github.com/serverkraken/flow/internal/adapter/httpserver/documents.go:43.10,45.40 2 1
github.com/serverkraken/flow/internal/adapter/httpserver/documents.go:49.78,52.61 3 1
github.com/serverkraken/flow/internal/adapter/httpserver/documents.go:52.61,54.17 2 1
github.com/serverkraken/flow/internal/adapter/httpserver/documents.go:54.17,57.4 2 1
github.com/serverkraken/flow/internal/adapter/httpserver/documents.go:58.3,58.18 1 1
github.com/serverkraken/flow/internal/adapter/httpserver/documents.go:58.18,60.4 1 0
github.com/serverkraken/flow/internal/adapter/httpserver/documents.go:61.3,62.9 2 1
github.com/serverkraken/flow/internal/adapter/httpserver/documents.go:64.2,65.16 2 1
github.com/serverkraken/flow/internal/adapter/httpserver/documents.go:65.16,68.3 2 1
github.com/serverkraken/flow/internal/adapter/httpserver/documents.go:69.2,69.17 1 1
github.com/serverkraken/flow/internal/adapter/httpserver/documents.go:69.17,71.3 1 0
github.com/serverkraken/flow/internal/adapter/httpserver/documents.go:72.2,72.35 1 1
github.com/serverkraken/flow/internal/adapter/httpserver/documents.go:75.76,78.9 3 1
github.com/serverkraken/flow/internal/adapter/httpserver/documents.go:79.49,80.50 1 1
github.com/serverkraken/flow/internal/adapter/httpserver/documents.go:81.18,82.64 1 0
github.com/serverkraken/flow/internal/adapter/httpserver/documents.go:83.10,84.35 1 1
github.com/serverkraken/flow/internal/adapter/httpserver/documents.go:93.79,96.61 3 1
github.com/serverkraken/flow/internal/adapter/httpserver/documents.go:96.61,99.3 2 0
github.com/serverkraken/flow/internal/adapter/httpserver/documents.go:100.2,104.9 2 1
github.com/serverkraken/flow/internal/adapter/httpserver/documents.go:105.49,106.50 1 1
github.com/serverkraken/flow/internal/adapter/httpserver/documents.go:107.18,108.64 1 0
github.com/serverkraken/flow/internal/adapter/httpserver/documents.go:109.10,111.35 2 1
github.com/serverkraken/flow/internal/adapter/httpserver/documents.go:115.79,119.9 4 1
github.com/serverkraken/flow/internal/adapter/httpserver/documents.go:120.49,121.50 1 1
github.com/serverkraken/flow/internal/adapter/httpserver/documents.go:122.18,123.64 1 0
github.com/serverkraken/flow/internal/adapter/httpserver/documents.go:124.10,126.38 2 1
github.com/serverkraken/flow/internal/adapter/httpserver/documents.go:130.73,133.16 3 1
github.com/serverkraken/flow/internal/adapter/httpserver/documents.go:133.16,136.3 2 1
github.com/serverkraken/flow/internal/adapter/httpserver/documents.go:137.2,137.17 1 1
github.com/serverkraken/flow/internal/adapter/httpserver/documents.go:137.17,139.3 1 0
github.com/serverkraken/flow/internal/adapter/httpserver/documents.go:140.2,140.35 1 1
github.com/serverkraken/flow/internal/adapter/httpserver/documents.go:143.82,146.9 3 1
github.com/serverkraken/flow/internal/adapter/httpserver/documents.go:147.49,148.50 1 1
github.com/serverkraken/flow/internal/adapter/httpserver/documents.go:149.18,150.64 1 1
github.com/serverkraken/flow/internal/adapter/httpserver/documents.go:151.10,152.18 1 1
github.com/serverkraken/flow/internal/adapter/httpserver/documents.go:152.18,154.4 1 0
github.com/serverkraken/flow/internal/adapter/httpserver/documents.go:155.3,155.36 1 1
github.com/serverkraken/flow/internal/adapter/httpserver/export.go:15.71,18.9 3 1
github.com/serverkraken/flow/internal/adapter/httpserver/export.go:18.9,21.3 2 1
github.com/serverkraken/flow/internal/adapter/httpserver/export.go:22.2,22.21 1 1
github.com/serverkraken/flow/internal/adapter/httpserver/export.go:22.21,25.3 2 1
github.com/serverkraken/flow/internal/adapter/httpserver/export.go:26.2,27.18 2 1
github.com/serverkraken/flow/internal/adapter/httpserver/export.go:27.18,29.3 1 0
github.com/serverkraken/flow/internal/adapter/httpserver/export.go:30.2,31.16 2 1
github.com/serverkraken/flow/internal/adapter/httpserver/export.go:31.16,34.3 2 0
github.com/serverkraken/flow/internal/adapter/httpserver/export.go:35.2,36.16 2 1
github.com/serverkraken/flow/internal/adapter/httpserver/export.go:37.13,40.31 3 1
github.com/serverkraken/flow/internal/adapter/httpserver/export.go:41.14,44.32 3 1
github.com/serverkraken/flow/internal/adapter/httpserver/export.go:45.12,48.36 3 1
github.com/serverkraken/flow/internal/adapter/httpserver/export.go:49.10,50.73 1 1
github.com/serverkraken/flow/internal/adapter/httpserver/export.go:59.79,62.61 3 1
github.com/serverkraken/flow/internal/adapter/httpserver/export.go:62.61,65.3 2 0
github.com/serverkraken/flow/internal/adapter/httpserver/export.go:66.2,67.23 2 1
github.com/serverkraken/flow/internal/adapter/httpserver/export.go:67.23,69.3 1 1
github.com/serverkraken/flow/internal/adapter/httpserver/export.go:70.2,71.9 2 1
github.com/serverkraken/flow/internal/adapter/httpserver/export.go:72.45,73.55 1 1
github.com/serverkraken/flow/internal/adapter/httpserver/export.go:74.48,75.50 1 1
github.com/serverkraken/flow/internal/adapter/httpserver/export.go:76.18,77.64 1 0
github.com/serverkraken/flow/internal/adapter/httpserver/export.go:78.10,79.38 1 1
github.com/serverkraken/flow/internal/adapter/httpserver/handlers.go:9.71,12.2 2 1
github.com/serverkraken/flow/internal/adapter/httpserver/handlers.go:14.67,18.2 3 1
github.com/serverkraken/flow/internal/adapter/httpserver/handlers.go:21.71,23.9 2 1
github.com/serverkraken/flow/internal/adapter/httpserver/handlers.go:23.9,26.3 2 0
github.com/serverkraken/flow/internal/adapter/httpserver/handlers.go:27.2,36.6 8 1
github.com/serverkraken/flow/internal/adapter/httpserver/handlers.go:36.6,37.10 1 1
github.com/serverkraken/flow/internal/adapter/httpserver/handlers.go:38.29,39.10 1 1
github.com/serverkraken/flow/internal/adapter/httpserver/handlers.go:40.23,41.11 1 0
github.com/serverkraken/flow/internal/adapter/httpserver/handlers.go:41.11,43.5 1 0
github.com/serverkraken/flow/internal/adapter/httpserver/handlers.go:44.4,46.19 3 0
github.com/serverkraken/flow/internal/adapter/httpserver/icsfeed.go:18.72,22.48 4 1
github.com/serverkraken/flow/internal/adapter/httpserver/icsfeed.go:22.48,25.3 2 1
github.com/serverkraken/flow/internal/adapter/httpserver/icsfeed.go:26.2,26.16 1 1
github.com/serverkraken/flow/internal/adapter/httpserver/icsfeed.go:26.16,29.3 2 0
github.com/serverkraken/flow/internal/adapter/httpserver/icsfeed.go:30.2,32.29 3 1
github.com/serverkraken/flow/internal/adapter/httpserver/middleware.go:17.56,20.2 2 1
github.com/serverkraken/flow/internal/adapter/httpserver/middleware.go:24.69,26.55 2 1
github.com/serverkraken/flow/internal/adapter/httpserver/middleware.go:26.55,28.3 1 1
github.com/serverkraken/flow/internal/adapter/httpserver/middleware.go:29.2,30.16 2 1
github.com/serverkraken/flow/internal/adapter/httpserver/middleware.go:30.16,32.3 1 0
github.com/serverkraken/flow/internal/adapter/httpserver/middleware.go:33.2,34.16 2 1
github.com/serverkraken/flow/internal/adapter/httpserver/middleware.go:34.16,36.3 1 0
github.com/serverkraken/flow/internal/adapter/httpserver/middleware.go:37.2,37.16 1 1
github.com/serverkraken/flow/internal/adapter/httpserver/middleware.go:41.55,42.71 1 1
github.com/serverkraken/flow/internal/adapter/httpserver/middleware.go:42.71,44.56 2 1
github.com/serverkraken/flow/internal/adapter/httpserver/middleware.go:44.56,47.4 2 1
github.com/serverkraken/flow/internal/adapter/httpserver/middleware.go:48.3,49.17 2 1
github.com/serverkraken/flow/internal/adapter/httpserver/middleware.go:49.17,52.4 2 0
github.com/serverkraken/flow/internal/adapter/httpserver/middleware.go:53.3,54.44 2 1
github.com/serverkraken/flow/internal/adapter/httpserver/middleware.go:54.44,57.4 2 0
github.com/serverkraken/flow/internal/adapter/httpserver/middleware.go:58.3,58.17 1 1
github.com/serverkraken/flow/internal/adapter/httpserver/middleware.go:58.17,61.4 2 0
github.com/serverkraken/flow/internal/adapter/httpserver/middleware.go:62.3,62.79 1 1
github.com/serverkraken/flow/internal/adapter/httpserver/server.go:61.40,136.2 59 1
github.com/serverkraken/flow/internal/adapter/httpserver/stats.go:30.35,30.66 1 1
github.com/serverkraken/flow/internal/adapter/httpserver/stats.go:57.70,60.16 3 1
github.com/serverkraken/flow/internal/adapter/httpserver/stats.go:60.16,63.3 2 0
github.com/serverkraken/flow/internal/adapter/httpserver/stats.go:64.2,70.4 1 1
github.com/serverkraken/flow/internal/adapter/httpserver/stats.go:73.69,76.44 3 1
github.com/serverkraken/flow/internal/adapter/httpserver/stats.go:76.44,78.17 2 1
github.com/serverkraken/flow/internal/adapter/httpserver/stats.go:78.17,81.4 2 1
github.com/serverkraken/flow/internal/adapter/httpserver/stats.go:82.3,82.10 1 0
github.com/serverkraken/flow/internal/adapter/httpserver/stats.go:84.2,85.16 2 1
github.com/serverkraken/flow/internal/adapter/httpserver/stats.go:85.16,88.3 2 0
github.com/serverkraken/flow/internal/adapter/httpserver/stats.go:89.2,91.25 3 1
github.com/serverkraken/flow/internal/adapter/httpserver/stats.go:91.25,97.3 1 1
github.com/serverkraken/flow/internal/adapter/httpserver/stats.go:98.2,98.34 1 1
github.com/serverkraken/flow/internal/adapter/httpserver/stats.go:101.70,105.44 4 1
github.com/serverkraken/flow/internal/adapter/httpserver/stats.go:105.44,108.3 2 1
github.com/serverkraken/flow/internal/adapter/httpserver/stats.go:109.2,109.16 1 1
github.com/serverkraken/flow/internal/adapter/httpserver/stats.go:109.16,112.3 2 0
github.com/serverkraken/flow/internal/adapter/httpserver/stats.go:113.2,125.4 1 1
github.com/serverkraken/flow/internal/adapter/httpserver/stats.go:128.73,131.16 3 1
github.com/serverkraken/flow/internal/adapter/httpserver/stats.go:131.16,134.3 2 0
github.com/serverkraken/flow/internal/adapter/httpserver/stats.go:135.2,142.4 1 1
github.com/serverkraken/flow/internal/adapter/httpserver/webauth.go:33.25,37.2 3 1
github.com/serverkraken/flow/internal/adapter/httpserver/webauth.go:39.70,46.2 3 1
github.com/serverkraken/flow/internal/adapter/httpserver/webauth.go:48.73,50.76 2 1
github.com/serverkraken/flow/internal/adapter/httpserver/webauth.go:50.76,53.3 2 1
github.com/serverkraken/flow/internal/adapter/httpserver/webauth.go:54.2,55.16 2 1
github.com/serverkraken/flow/internal/adapter/httpserver/webauth.go:55.16,58.3 2 0
github.com/serverkraken/flow/internal/adapter/httpserver/webauth.go:59.2,60.43 2 1
github.com/serverkraken/flow/internal/adapter/httpserver/webauth.go:60.43,63.3 2 0
github.com/serverkraken/flow/internal/adapter/httpserver/webauth.go:64.2,64.16 1 1
github.com/serverkraken/flow/internal/adapter/httpserver/webauth.go:64.16,67.3 2 0
github.com/serverkraken/flow/internal/adapter/httpserver/webauth.go:68.2,69.16 2 1
github.com/serverkraken/flow/internal/adapter/httpserver/webauth.go:69.16,72.3 2 0
github.com/serverkraken/flow/internal/adapter/httpserver/webauth.go:73.2,78.44 3 1
github.com/serverkraken/flow/internal/adapter/httpserver/webauth.go:81.71,84.2 2 1
github.com/serverkraken/flow/internal/adapter/httpserver/webauth.go:87.69,89.16 2 1
github.com/serverkraken/flow/internal/adapter/httpserver/webauth.go:89.16,91.3 1 1
github.com/serverkraken/flow/internal/adapter/httpserver/webauth.go:92.2,93.16 2 1
github.com/serverkraken/flow/internal/adapter/httpserver/webauth.go:93.16,95.3 1 0
github.com/serverkraken/flow/internal/adapter/httpserver/webauth.go:96.2,97.16 2 1
github.com/serverkraken/flow/internal/adapter/httpserver/webauth.go:97.16,99.3 1 0
github.com/serverkraken/flow/internal/adapter/httpserver/webauth.go:100.2,100.16 1 1
github.com/serverkraken/flow/internal/adapter/httpserver/webauth.go:104.58,105.71 1 1
github.com/serverkraken/flow/internal/adapter/httpserver/webauth.go:105.71,107.10 2 1
github.com/serverkraken/flow/internal/adapter/httpserver/webauth.go:107.10,110.4 2 1
github.com/serverkraken/flow/internal/adapter/httpserver/webauth.go:111.3,111.79 1 1
github.com/serverkraken/flow/internal/adapter/httpserver/webauth.go:118.58,119.71 1 1
github.com/serverkraken/flow/internal/adapter/httpserver/webauth.go:119.71,120.38 1 1
github.com/serverkraken/flow/internal/adapter/httpserver/webauth.go:120.38,123.4 2 1
github.com/serverkraken/flow/internal/adapter/httpserver/webauth.go:124.3,124.38 1 1
github.com/serverkraken/flow/internal/adapter/httpserver/webauth.go:124.38,127.4 2 1
github.com/serverkraken/flow/internal/adapter/httpserver/webauth.go:128.3,128.57 1 1
github.com/serverkraken/flow/internal/adapter/httpserver/webui.go:11.95,14.16 3 1
github.com/serverkraken/flow/internal/adapter/httpserver/webui.go:14.16,16.3 1 0
github.com/serverkraken/flow/internal/adapter/httpserver/webui.go:17.2,18.16 2 1
github.com/serverkraken/flow/internal/adapter/httpserver/webui.go:18.16,20.3 1 0
github.com/serverkraken/flow/internal/adapter/httpserver/webui.go:21.2,22.26 2 1
github.com/serverkraken/flow/internal/adapter/httpserver/webui.go:22.26,23.28 1 1
github.com/serverkraken/flow/internal/adapter/httpserver/webui.go:23.28,26.4 2 1
github.com/serverkraken/flow/internal/adapter/httpserver/webui.go:28.2,31.8 1 1
github.com/serverkraken/flow/internal/adapter/httpserver/webui.go:34.88,36.16 2 1
github.com/serverkraken/flow/internal/adapter/httpserver/webui.go:36.16,39.3 2 0
github.com/serverkraken/flow/internal/adapter/httpserver/webui.go:40.2,41.54 2 1
github.com/serverkraken/flow/internal/adapter/httpserver/webui.go:44.72,47.16 3 1
github.com/serverkraken/flow/internal/adapter/httpserver/webui.go:47.16,50.3 2 0
github.com/serverkraken/flow/internal/adapter/httpserver/webui.go:51.2,52.50 2 1
github.com/serverkraken/flow/internal/adapter/httpserver/webui.go:55.76,58.2 2 1
github.com/serverkraken/flow/internal/adapter/httpserver/webui.go:60.73,62.82 2 1
github.com/serverkraken/flow/internal/adapter/httpserver/webui.go:62.82,64.3 1 1
github.com/serverkraken/flow/internal/adapter/httpserver/webui.go:65.2,65.27 1 1
github.com/serverkraken/flow/internal/adapter/httpserver/webui.go:68.72,73.51 5 1
github.com/serverkraken/flow/internal/adapter/httpserver/webui.go:73.51,74.89 1 1
github.com/serverkraken/flow/internal/adapter/httpserver/webui.go:74.89,77.4 2 1
github.com/serverkraken/flow/internal/adapter/httpserver/webui.go:79.2,79.91 1 1
github.com/serverkraken/flow/internal/adapter/httpserver/webui.go:79.91,81.3 1 0
github.com/serverkraken/flow/internal/adapter/httpserver/webui.go:82.2,82.27 1 1
github.com/serverkraken/flow/internal/adapter/httpserver/webui_dayoffs.go:13.91,18.16 5 1
github.com/serverkraken/flow/internal/adapter/httpserver/webui_dayoffs.go:18.16,20.3 1 0
github.com/serverkraken/flow/internal/adapter/httpserver/webui_dayoffs.go:21.2,22.25 2 1
github.com/serverkraken/flow/internal/adapter/httpserver/webui_dayoffs.go:22.25,28.3 1 1
github.com/serverkraken/flow/internal/adapter/httpserver/webui_dayoffs.go:29.2,30.16 2 1
github.com/serverkraken/flow/internal/adapter/httpserver/webui_dayoffs.go:30.16,32.3 1 0
github.com/serverkraken/flow/internal/adapter/httpserver/webui_dayoffs.go:33.2,33.120 1 1
github.com/serverkraken/flow/internal/adapter/httpserver/webui_dayoffs.go:36.51,37.20 1 1
github.com/serverkraken/flow/internal/adapter/httpserver/webui_dayoffs.go:37.20,39.3 1 1
github.com/serverkraken/flow/internal/adapter/httpserver/webui_dayoffs.go:40.2,40.41 1 1
github.com/serverkraken/flow/internal/adapter/httpserver/webui_dayoffs.go:43.94,45.16 2 1
github.com/serverkraken/flow/internal/adapter/httpserver/webui_dayoffs.go:45.16,48.3 2 0
github.com/serverkraken/flow/internal/adapter/httpserver/webui_dayoffs.go:49.2,50.52 2 1
github.com/serverkraken/flow/internal/adapter/httpserver/webui_dayoffs.go:53.78,56.16 3 1
github.com/serverkraken/flow/internal/adapter/httpserver/webui_dayoffs.go:56.16,59.3 2 0
github.com/serverkraken/flow/internal/adapter/httpserver/webui_dayoffs.go:60.2,61.48 2 1
github.com/serverkraken/flow/internal/adapter/httpserver/webui_dayoffs.go:64.82,67.2 2 1
github.com/serverkraken/flow/internal/adapter/httpserver/webui_dayoffs.go:69.77,73.8 4 1
github.com/serverkraken/flow/internal/adapter/httpserver/webui_dayoffs.go:73.8,76.33 3 1
github.com/serverkraken/flow/internal/adapter/httpserver/webui_dayoffs.go:76.33,78.4 1 1
github.com/serverkraken/flow/internal/adapter/httpserver/webui_dayoffs.go:80.2,80.33 1 1
github.com/serverkraken/flow/internal/adapter/httpserver/webui_dayoffs.go:83.80,86.96 3 1
github.com/serverkraken/flow/internal/adapter/httpserver/webui_dayoffs.go:86.96,88.3 1 1
github.com/serverkraken/flow/internal/adapter/httpserver/webui_dayoffs.go:89.2,89.33 1 1
github.com/serverkraken/flow/internal/adapter/httpserver/webui_dayoffs.go:92.78,96.2 3 1
github.com/serverkraken/flow/internal/adapter/httpserver/webui_docs.go:21.37,30.2 5 1
github.com/serverkraken/flow/internal/adapter/httpserver/webui_docs.go:35.43,38.30 3 1
github.com/serverkraken/flow/internal/adapter/httpserver/webui_docs.go:38.30,40.3 1 0
github.com/serverkraken/flow/internal/adapter/httpserver/webui_docs.go:41.2,41.20 1 1
github.com/serverkraken/flow/internal/adapter/httpserver/webui_docs.go:41.20,44.3 1 1
github.com/serverkraken/flow/internal/adapter/httpserver/webui_docs.go:48.2,49.6 2 1
github.com/serverkraken/flow/internal/adapter/httpserver/webui_docs.go:49.6,51.12 2 1
github.com/serverkraken/flow/internal/adapter/httpserver/webui_docs.go:51.12,53.9 2 1
github.com/serverkraken/flow/internal/adapter/httpserver/webui_docs.go:55.3,56.12 2 1
github.com/serverkraken/flow/internal/adapter/httpserver/webui_docs.go:56.12,59.9 2 0
github.com/serverkraken/flow/internal/adapter/httpserver/webui_docs.go:61.3,64.55 3 1
github.com/serverkraken/flow/internal/adapter/httpserver/webui_docs.go:64.55,68.12 3 0
github.com/serverkraken/flow/internal/adapter/httpserver/webui_docs.go:70.3,74.37 5 1
github.com/serverkraken/flow/internal/adapter/httpserver/webui_docs.go:76.2,76.21 1 1
github.com/serverkraken/flow/internal/adapter/httpserver/webui_docs.go:81.54,83.25 2 1
github.com/serverkraken/flow/internal/adapter/httpserver/webui_docs.go:83.25,85.3 1 1
github.com/serverkraken/flow/internal/adapter/httpserver/webui_docs.go:86.2,86.13 1 1
github.com/serverkraken/flow/internal/adapter/httpserver/webui_docs.go:86.13,88.3 1 1
github.com/serverkraken/flow/internal/adapter/httpserver/webui_docs.go:89.2,90.15 2 1
github.com/serverkraken/flow/internal/adapter/httpserver/webui_docs.go:90.15,92.3 1 1
github.com/serverkraken/flow/internal/adapter/httpserver/webui_docs.go:93.2,93.18 1 1
github.com/serverkraken/flow/internal/adapter/httpserver/webui_docs.go:96.91,100.16 4 1
github.com/serverkraken/flow/internal/adapter/httpserver/webui_docs.go:100.16,102.3 1 0
github.com/serverkraken/flow/internal/adapter/httpserver/webui_docs.go:103.2,104.27 2 1
github.com/serverkraken/flow/internal/adapter/httpserver/webui_docs.go:104.27,106.3 1 1
github.com/serverkraken/flow/internal/adapter/httpserver/webui_docs.go:107.2,108.29 2 1
github.com/serverkraken/flow/internal/adapter/httpserver/webui_docs.go:108.29,112.3 1 1
github.com/serverkraken/flow/internal/adapter/httpserver/webui_docs.go:113.2,117.13 2 1
github.com/serverkraken/flow/internal/adapter/httpserver/webui_docs.go:117.13,119.17 2 1
github.com/serverkraken/flow/internal/adapter/httpserver/webui_docs.go:119.17,121.4 1 0
github.com/serverkraken/flow/internal/adapter/httpserver/webui_docs.go:122.3,123.26 2 1
github.com/serverkraken/flow/internal/adapter/httpserver/webui_docs.go:123.26,128.4 1 1
github.com/serverkraken/flow/internal/adapter/httpserver/webui_docs.go:129.3,130.19 2 1
github.com/serverkraken/flow/internal/adapter/httpserver/webui_docs.go:132.2,133.16 2 1
github.com/serverkraken/flow/internal/adapter/httpserver/webui_docs.go:133.16,135.3 1 0
github.com/serverkraken/flow/internal/adapter/httpserver/webui_docs.go:136.2,137.25 2 1
github.com/serverkraken/flow/internal/adapter/httpserver/webui_docs.go:137.25,141.3 1 1
github.com/serverkraken/flow/internal/adapter/httpserver/webui_docs.go:142.2,143.18 2 1
github.com/serverkraken/flow/internal/adapter/httpserver/webui_docs.go:147.56,150.27 3 1
github.com/serverkraken/flow/internal/adapter/httpserver/webui_docs.go:150.27,151.15 1 1
github.com/serverkraken/flow/internal/adapter/httpserver/webui_docs.go:151.15,153.12 2 1
github.com/serverkraken/flow/internal/adapter/httpserver/webui_docs.go:155.3,155.25 1 1
github.com/serverkraken/flow/internal/adapter/httpserver/webui_docs.go:157.2,157.14 1 1
github.com/serverkraken/flow/internal/adapter/httpserver/webui_docs.go:157.14,159.3 1 1
github.com/serverkraken/flow/internal/adapter/httpserver/webui_docs.go:160.2,160.39 1 1
github.com/serverkraken/flow/internal/adapter/httpserver/webui_docs.go:164.39,166.2 1 1
github.com/serverkraken/flow/internal/adapter/httpserver/webui_docs.go:168.43,169.20 1 1
github.com/serverkraken/flow/internal/adapter/httpserver/webui_docs.go:169.20,171.3 1 1
github.com/serverkraken/flow/internal/adapter/httpserver/webui_docs.go:172.2,173.25 2 1
github.com/serverkraken/flow/internal/adapter/httpserver/webui_docs.go:173.25,175.3 1 1
github.com/serverkraken/flow/internal/adapter/httpserver/webui_docs.go:176.2,176.25 1 1
github.com/serverkraken/flow/internal/adapter/httpserver/webui_docs.go:179.76,182.16 3 1
github.com/serverkraken/flow/internal/adapter/httpserver/webui_docs.go:182.16,185.3 2 0
github.com/serverkraken/flow/internal/adapter/httpserver/webui_docs.go:186.2,187.46 2 1
github.com/serverkraken/flow/internal/adapter/httpserver/webui_docs.go:191.76,194.16 3 1
github.com/serverkraken/flow/internal/adapter/httpserver/webui_docs.go:194.16,197.3 2 0
github.com/serverkraken/flow/internal/adapter/httpserver/webui_docs.go:198.2,199.50 2 1
github.com/serverkraken/flow/internal/adapter/httpserver/webui_docs.go:202.75,206.47 4 1
github.com/serverkraken/flow/internal/adapter/httpserver/webui_docs.go:206.47,209.3 2 1
github.com/serverkraken/flow/internal/adapter/httpserver/webui_docs.go:210.2,210.16 1 1
github.com/serverkraken/flow/internal/adapter/httpserver/webui_docs.go:210.16,213.3 2 0
github.com/serverkraken/flow/internal/adapter/httpserver/webui_docs.go:214.2,215.16 2 1
github.com/serverkraken/flow/internal/adapter/httpserver/webui_docs.go:215.16,218.3 2 0
github.com/serverkraken/flow/internal/adapter/httpserver/webui_docs.go:219.2,219.56 1 1
github.com/serverkraken/flow/internal/adapter/httpserver/webui_docs.go:219.56,220.60 1 1
github.com/serverkraken/flow/internal/adapter/httpserver/webui_docs.go:220.60,222.4 1 1
github.com/serverkraken/flow/internal/adapter/httpserver/webui_docs.go:223.3,223.23 1 0
github.com/serverkraken/flow/internal/adapter/httpserver/webui_docs.go:225.2,228.16 3 1
github.com/serverkraken/flow/internal/adapter/httpserver/webui_docs.go:228.16,231.3 2 0
github.com/serverkraken/flow/internal/adapter/httpserver/webui_docs.go:232.2,233.27 2 1
github.com/serverkraken/flow/internal/adapter/httpserver/webui_docs.go:233.27,235.3 1 1
github.com/serverkraken/flow/internal/adapter/httpserver/webui_docs.go:237.2,238.29 2 1
github.com/serverkraken/flow/internal/adapter/httpserver/webui_docs.go:238.29,240.3 1 1
github.com/serverkraken/flow/internal/adapter/httpserver/webui_docs.go:241.2,249.45 3 1
github.com/serverkraken/flow/internal/adapter/httpserver/webui_docs.go:252.74,257.2 4 1
github.com/serverkraken/flow/internal/adapter/httpserver/webui_docs.go:259.75,263.47 4 1
github.com/serverkraken/flow/internal/adapter/httpserver/webui_docs.go:263.47,266.3 2 1
github.com/serverkraken/flow/internal/adapter/httpserver/webui_docs.go:267.2,267.16 1 1
github.com/serverkraken/flow/internal/adapter/httpserver/webui_docs.go:267.16,270.3 2 0
github.com/serverkraken/flow/internal/adapter/httpserver/webui_docs.go:271.2,276.54 4 1
github.com/serverkraken/flow/internal/adapter/httpserver/webui_docs.go:279.77,284.44 4 1
github.com/serverkraken/flow/internal/adapter/httpserver/webui_docs.go:284.44,286.3 1 0
github.com/serverkraken/flow/internal/adapter/httpserver/webui_docs.go:289.2,304.9 3 1
github.com/serverkraken/flow/internal/adapter/httpserver/webui_docs.go:305.49,309.51 4 1
github.com/serverkraken/flow/internal/adapter/httpserver/webui_docs.go:310.47,314.51 4 1
github.com/serverkraken/flow/internal/adapter/httpserver/webui_docs.go:315.18,316.64 1 0
github.com/serverkraken/flow/internal/adapter/httpserver/webui_docs.go:317.10,319.60 2 1
github.com/serverkraken/flow/internal/adapter/httpserver/webui_docs.go:323.77,332.47 5 1
github.com/serverkraken/flow/internal/adapter/httpserver/webui_docs.go:332.47,335.3 2 1
github.com/serverkraken/flow/internal/adapter/httpserver/webui_docs.go:336.2,336.16 1 1
github.com/serverkraken/flow/internal/adapter/httpserver/webui_docs.go:336.16,339.3 2 0
github.com/serverkraken/flow/internal/adapter/httpserver/webui_docs.go:340.2,341.55 2 1
github.com/serverkraken/flow/internal/adapter/httpserver/webui_docs.go:344.77,348.47 4 1
github.com/serverkraken/flow/internal/adapter/httpserver/webui_docs.go:348.47,351.3 2 1
github.com/serverkraken/flow/internal/adapter/httpserver/webui_docs.go:352.2,352.16 1 1
github.com/serverkraken/flow/internal/adapter/httpserver/webui_docs.go:352.16,355.3 2 0
github.com/serverkraken/flow/internal/adapter/httpserver/webui_docs.go:356.2,357.51 2 1
github.com/serverkraken/flow/internal/adapter/httpserver/webui_export.go:16.119,18.16 2 1
github.com/serverkraken/flow/internal/adapter/httpserver/webui_export.go:18.16,20.3 1 0
github.com/serverkraken/flow/internal/adapter/httpserver/webui_export.go:22.2,26.36 4 1
github.com/serverkraken/flow/internal/adapter/httpserver/webui_export.go:26.36,28.23 2 1
github.com/serverkraken/flow/internal/adapter/httpserver/webui_export.go:28.23,31.4 2 0
github.com/serverkraken/flow/internal/adapter/httpserver/webui_export.go:32.3,37.25 2 1
github.com/serverkraken/flow/internal/adapter/httpserver/webui_export.go:43.2,44.26 2 1
github.com/serverkraken/flow/internal/adapter/httpserver/webui_export.go:44.26,46.30 2 0
github.com/serverkraken/flow/internal/adapter/httpserver/webui_export.go:46.30,48.4 1 0
github.com/serverkraken/flow/internal/adapter/httpserver/webui_export.go:49.3,51.26 3 0
github.com/serverkraken/flow/internal/adapter/httpserver/webui_export.go:51.26,53.4 1 0
github.com/serverkraken/flow/internal/adapter/httpserver/webui_export.go:54.3,54.41 1 0
github.com/serverkraken/flow/internal/adapter/httpserver/webui_export.go:57.2,64.8 1 1
github.com/serverkraken/flow/internal/adapter/httpserver/webui_export.go:68.62,73.2 4 1
github.com/serverkraken/flow/internal/adapter/httpserver/webui_export.go:75.78,78.9 3 1
github.com/serverkraken/flow/internal/adapter/httpserver/webui_export.go:78.9,80.3 1 1
github.com/serverkraken/flow/internal/adapter/httpserver/webui_export.go:81.2,82.16 2 1
github.com/serverkraken/flow/internal/adapter/httpserver/webui_export.go:82.16,85.3 2 0
github.com/serverkraken/flow/internal/adapter/httpserver/webui_export.go:86.2,87.48 2 1
github.com/serverkraken/flow/internal/adapter/httpserver/webui_export.go:90.81,93.9 3 1
github.com/serverkraken/flow/internal/adapter/httpserver/webui_export.go:93.9,95.3 1 0
github.com/serverkraken/flow/internal/adapter/httpserver/webui_export.go:96.2,97.16 2 1
github.com/serverkraken/flow/internal/adapter/httpserver/webui_export.go:97.16,100.3 2 0
github.com/serverkraken/flow/internal/adapter/httpserver/webui_export.go:101.2,102.52 2 1
github.com/serverkraken/flow/internal/adapter/httpserver/webui_stats.go:15.27,16.11 1 1
github.com/serverkraken/flow/internal/adapter/httpserver/webui_stats.go:16.11,19.3 2 1
github.com/serverkraken/flow/internal/adapter/httpserver/webui_stats.go:20.2,20.45 1 1
github.com/serverkraken/flow/internal/adapter/httpserver/webui_stats.go:24.39,26.12 2 1
github.com/serverkraken/flow/internal/adapter/httpserver/webui_stats.go:26.12,28.3 1 1
github.com/serverkraken/flow/internal/adapter/httpserver/webui_stats.go:29.2,29.18 1 1
github.com/serverkraken/flow/internal/adapter/httpserver/webui_stats.go:33.26,34.11 1 1
github.com/serverkraken/flow/internal/adapter/httpserver/webui_stats.go:34.11,36.3 1 0
github.com/serverkraken/flow/internal/adapter/httpserver/webui_stats.go:37.2,37.13 1 1
github.com/serverkraken/flow/internal/adapter/httpserver/webui_stats.go:37.13,39.3 1 1
github.com/serverkraken/flow/internal/adapter/httpserver/webui_stats.go:40.2,40.10 1 1
github.com/serverkraken/flow/internal/adapter/httpserver/webui_stats.go:43.101,47.16 3 1
github.com/serverkraken/flow/internal/adapter/httpserver/webui_stats.go:47.16,49.3 1 0
github.com/serverkraken/flow/internal/adapter/httpserver/webui_stats.go:51.2,52.16 2 1
github.com/serverkraken/flow/internal/adapter/httpserver/webui_stats.go:52.16,54.3 1 0
github.com/serverkraken/flow/internal/adapter/httpserver/webui_stats.go:56.2,57.16 2 1
github.com/serverkraken/flow/internal/adapter/httpserver/webui_stats.go:57.16,59.3 1 0
github.com/serverkraken/flow/internal/adapter/httpserver/webui_stats.go:61.2,61.20 1 1
github.com/serverkraken/flow/internal/adapter/httpserver/webui_stats.go:61.20,63.3 1 1
github.com/serverkraken/flow/internal/adapter/httpserver/webui_stats.go:64.2,65.16 2 1
github.com/serverkraken/flow/internal/adapter/httpserver/webui_stats.go:65.16,67.3 1 0
github.com/serverkraken/flow/internal/adapter/httpserver/webui_stats.go:69.2,70.16 2 1
github.com/serverkraken/flow/internal/adapter/httpserver/webui_stats.go:70.16,72.3 1 0
github.com/serverkraken/flow/internal/adapter/httpserver/webui_stats.go:75.2,76.30 2 1
github.com/serverkraken/flow/internal/adapter/httpserver/webui_stats.go:76.30,80.17 4 1
github.com/serverkraken/flow/internal/adapter/httpserver/webui_stats.go:80.17,82.4 1 1
github.com/serverkraken/flow/internal/adapter/httpserver/webui_stats.go:83.3,91.5 2 1
github.com/serverkraken/flow/internal/adapter/httpserver/webui_stats.go:95.2,96.25 2 1
github.com/serverkraken/flow/internal/adapter/httpserver/webui_stats.go:96.25,98.3 1 1
github.com/serverkraken/flow/internal/adapter/httpserver/webui_stats.go:100.2,101.20 2 1
github.com/serverkraken/flow/internal/adapter/httpserver/webui_stats.go:101.20,103.3 1 1
github.com/serverkraken/flow/internal/adapter/httpserver/webui_stats.go:106.2,138.8 6 1
github.com/serverkraken/flow/internal/adapter/httpserver/webui_stats.go:141.105,143.16 2 1
github.com/serverkraken/flow/internal/adapter/httpserver/webui_stats.go:143.16,146.3 2 0
github.com/serverkraken/flow/internal/adapter/httpserver/webui_stats.go:147.2,148.51 2 1
github.com/serverkraken/flow/internal/adapter/httpserver/webui_stats.go:151.77,155.16 4 1
github.com/serverkraken/flow/internal/adapter/httpserver/webui_stats.go:155.16,158.3 2 0
github.com/serverkraken/flow/internal/adapter/httpserver/webui_stats.go:159.2,160.47 2 1
github.com/serverkraken/flow/internal/adapter/httpserver/webui_stats.go:163.81,167.2 3 1
github.com/serverkraken/flow/internal/adapter/httpserver/webui_stats.go:169.77,173.34 4 1
github.com/serverkraken/flow/internal/adapter/httpserver/webui_stats.go:173.34,176.3 2 1
github.com/serverkraken/flow/internal/adapter/httpserver/webui_stats.go:178.2,179.16 2 1
github.com/serverkraken/flow/internal/adapter/httpserver/webui_stats.go:179.16,182.3 2 0
github.com/serverkraken/flow/internal/adapter/httpserver/webui_stats.go:183.2,183.97 1 1
github.com/serverkraken/flow/internal/adapter/httpserver/webui_stats.go:183.97,184.37 1 0
github.com/serverkraken/flow/internal/adapter/httpserver/webui_stats.go:184.37,187.4 2 0
github.com/serverkraken/flow/internal/adapter/httpserver/webui_stats.go:188.3,189.9 2 0
github.com/serverkraken/flow/internal/adapter/httpserver/webui_stats.go:191.2,194.37 3 1
github.com/serverkraken/flow/internal/adapter/httpserver/worktime.go:14.58,18.2 3 1
github.com/serverkraken/flow/internal/adapter/httpserver/worktime.go:26.77,31.46 5 1
github.com/serverkraken/flow/internal/adapter/httpserver/worktime.go:31.46,34.3 2 1
github.com/serverkraken/flow/internal/adapter/httpserver/worktime.go:35.2,35.16 1 1
github.com/serverkraken/flow/internal/adapter/httpserver/worktime.go:35.16,38.3 2 0
github.com/serverkraken/flow/internal/adapter/httpserver/worktime.go:39.2,40.40 2 1
github.com/serverkraken/flow/internal/adapter/httpserver/worktime.go:47.76,52.9 5 1
github.com/serverkraken/flow/internal/adapter/httpserver/worktime.go:53.49,55.9 2 1
github.com/serverkraken/flow/internal/adapter/httpserver/worktime.go:56.92,58.9 2 0
github.com/serverkraken/flow/internal/adapter/httpserver/worktime.go:59.18,61.9 2 0
github.com/serverkraken/flow/internal/adapter/httpserver/worktime.go:63.2,64.35 2 1
github.com/serverkraken/flow/internal/adapter/httpserver/worktime.go:67.77,70.46 3 1
github.com/serverkraken/flow/internal/adapter/httpserver/worktime.go:70.46,71.56 1 1
github.com/serverkraken/flow/internal/adapter/httpserver/worktime.go:71.56,73.4 1 1
github.com/serverkraken/flow/internal/adapter/httpserver/worktime.go:75.2,76.16 2 1
github.com/serverkraken/flow/internal/adapter/httpserver/worktime.go:76.16,79.3 2 0
github.com/serverkraken/flow/internal/adapter/httpserver/worktime.go:80.2,80.17 1 1
github.com/serverkraken/flow/internal/adapter/httpserver/worktime.go:80.17,82.3 1 1
github.com/serverkraken/flow/internal/adapter/httpserver/worktime.go:83.2,83.35 1 1
github.com/serverkraken/flow/internal/adapter/httpserver/worktime.go:93.78,96.79 3 1
github.com/serverkraken/flow/internal/adapter/httpserver/worktime.go:96.79,99.3 2 0
github.com/serverkraken/flow/internal/adapter/httpserver/worktime.go:100.2,101.16 2 1
github.com/serverkraken/flow/internal/adapter/httpserver/worktime.go:101.16,104.3 2 0
github.com/serverkraken/flow/internal/adapter/httpserver/worktime.go:105.2,106.37 2 1
github.com/serverkraken/flow/internal/adapter/httpserver/worktime.go:109.77,112.16 3 1
github.com/serverkraken/flow/internal/adapter/httpserver/worktime.go:112.16,115.3 2 0
github.com/serverkraken/flow/internal/adapter/httpserver/worktime.go:116.2,116.17 1 1
github.com/serverkraken/flow/internal/adapter/httpserver/worktime.go:116.17,118.3 1 1
github.com/serverkraken/flow/internal/adapter/httpserver/worktime.go:119.2,119.35 1 1
github.com/serverkraken/flow/internal/adapter/httpserver/worktime.go:130.76,133.61 3 1
github.com/serverkraken/flow/internal/adapter/httpserver/worktime.go:133.61,136.3 2 0
github.com/serverkraken/flow/internal/adapter/httpserver/worktime.go:137.2,137.24 1 1
github.com/serverkraken/flow/internal/adapter/httpserver/worktime.go:137.24,140.3 2 0
github.com/serverkraken/flow/internal/adapter/httpserver/worktime.go:141.2,144.9 2 1
github.com/serverkraken/flow/internal/adapter/httpserver/worktime.go:145.49,147.9 2 1
github.com/serverkraken/flow/internal/adapter/httpserver/worktime.go:148.48,150.9 2 1
github.com/serverkraken/flow/internal/adapter/httpserver/worktime.go:151.18,153.9 2 0
github.com/serverkraken/flow/internal/adapter/httpserver/worktime.go:155.2,156.35 2 1
github.com/serverkraken/flow/internal/adapter/httpserver/worktime.go:159.78,162.64 3 1
github.com/serverkraken/flow/internal/adapter/httpserver/worktime.go:163.48,165.9 2 1
github.com/serverkraken/flow/internal/adapter/httpserver/worktime.go:166.18,168.9 2 0
github.com/serverkraken/flow/internal/adapter/httpserver/worktime.go:170.2,171.37 2 1
github.com/serverkraken/flow/internal/adapter/httpserver/worktime.go:175.40,177.2 1 1
github.com/serverkraken/flow/internal/adapter/oidcauth/auth.go:21.107,23.16 2 1
github.com/serverkraken/flow/internal/adapter/oidcauth/auth.go:23.16,25.3 1 0
github.com/serverkraken/flow/internal/adapter/oidcauth/auth.go:26.2,35.8 1 1
github.com/serverkraken/flow/internal/adapter/oidcauth/auth.go:38.58,38.95 1 1
github.com/serverkraken/flow/internal/adapter/oidcauth/auth.go:40.92,42.16 2 1
github.com/serverkraken/flow/internal/adapter/oidcauth/auth.go:42.16,44.3 1 0
github.com/serverkraken/flow/internal/adapter/oidcauth/auth.go:45.2,46.9 2 1
github.com/serverkraken/flow/internal/adapter/oidcauth/auth.go:46.9,48.3 1 0
github.com/serverkraken/flow/internal/adapter/oidcauth/auth.go:49.2,50.16 2 1
github.com/serverkraken/flow/internal/adapter/oidcauth/auth.go:50.16,52.3 1 0
github.com/serverkraken/flow/internal/adapter/oidcauth/auth.go:53.2,60.39 2 1
github.com/serverkraken/flow/internal/adapter/oidcauth/auth.go:60.39,62.3 1 0
github.com/serverkraken/flow/internal/adapter/oidcauth/auth.go:63.2,63.123 1 1
github.com/serverkraken/flow/internal/adapter/oidcverify/verifier.go:20.85,22.16 2 1
github.com/serverkraken/flow/internal/adapter/oidcverify/verifier.go:22.16,24.3 1 0
github.com/serverkraken/flow/internal/adapter/oidcverify/verifier.go:25.2,26.30 2 1
github.com/serverkraken/flow/internal/adapter/oidcverify/verifier.go:26.30,27.14 1 1
github.com/serverkraken/flow/internal/adapter/oidcverify/verifier.go:27.14,29.4 1 1
github.com/serverkraken/flow/internal/adapter/oidcverify/verifier.go:33.2,36.8 1 1
github.com/serverkraken/flow/internal/adapter/oidcverify/verifier.go:50.85,52.16 2 1
github.com/serverkraken/flow/internal/adapter/oidcverify/verifier.go:52.16,54.3 1 1
github.com/serverkraken/flow/internal/adapter/oidcverify/verifier.go:55.2,56.33 2 1
github.com/serverkraken/flow/internal/adapter/oidcverify/verifier.go:56.33,57.22 1 1
github.com/serverkraken/flow/internal/adapter/oidcverify/verifier.go:57.22,59.9 2 1
github.com/serverkraken/flow/internal/adapter/oidcverify/verifier.go:62.2,62.9 1 1
github.com/serverkraken/flow/internal/adapter/oidcverify/verifier.go:62.9,64.3 1 1
github.com/serverkraken/flow/internal/adapter/oidcverify/verifier.go:65.2,66.39 2 1
github.com/serverkraken/flow/internal/adapter/oidcverify/verifier.go:66.39,68.3 1 0
github.com/serverkraken/flow/internal/adapter/oidcverify/verifier.go:69.2,69.123 1 1
github.com/serverkraken/flow/internal/adapter/opener/opener.go:14.20,14.40 1 0
github.com/serverkraken/flow/internal/adapter/opener/opener.go:18.38,21.2 2 0
github.com/serverkraken/flow/internal/adapter/opener/opener.go:23.48,24.22 1 1
github.com/serverkraken/flow/internal/adapter/opener/opener.go:25.16,26.31 1 1
github.com/serverkraken/flow/internal/adapter/opener/opener.go:27.17,28.66 1 0
github.com/serverkraken/flow/internal/adapter/opener/opener.go:29.10,30.35 1 0
github.com/serverkraken/flow/internal/adapter/sse/bus.go:26.20,26.69 1 1
github.com/serverkraken/flow/internal/adapter/sse/bus.go:31.70,38.19 6 1
github.com/serverkraken/flow/internal/adapter/sse/bus.go:38.19,39.18 1 1
github.com/serverkraken/flow/internal/adapter/sse/bus.go:39.18,44.4 4 1
github.com/serverkraken/flow/internal/adapter/sse/bus.go:46.2,46.21 1 1
github.com/serverkraken/flow/internal/adapter/sse/bus.go:53.40,56.24 3 1
github.com/serverkraken/flow/internal/adapter/sse/bus.go:56.24,57.28 1 1
github.com/serverkraken/flow/internal/adapter/sse/bus.go:57.28,58.12 1 1
github.com/serverkraken/flow/internal/adapter/sse/bus.go:60.3,60.10 1 1
github.com/serverkraken/flow/internal/adapter/sse/bus.go:61.19,61.19 0 1
github.com/serverkraken/flow/internal/adapter/sse/bus.go:62.11,62.11 0 1
github.com/serverkraken/flow/internal/adapter/systemclock/clock.go:8.30,8.51 1 1
github.com/serverkraken/flow/internal/adapter/tokenstore/file.go:18.43,18.76 1 1
github.com/serverkraken/flow/internal/adapter/tokenstore/file.go:26.47,27.65 1 1
github.com/serverkraken/flow/internal/adapter/tokenstore/file.go:27.65,29.3 1 0
github.com/serverkraken/flow/internal/adapter/tokenstore/file.go:30.2,31.16 2 1
github.com/serverkraken/flow/internal/adapter/tokenstore/file.go:31.16,33.3 1 0
github.com/serverkraken/flow/internal/adapter/tokenstore/file.go:34.2,34.39 1 1
github.com/serverkraken/flow/internal/adapter/tokenstore/file.go:37.55,39.36 2 1
github.com/serverkraken/flow/internal/adapter/tokenstore/file.go:39.36,41.3 1 1
github.com/serverkraken/flow/internal/adapter/tokenstore/file.go:42.2,42.16 1 1
github.com/serverkraken/flow/internal/adapter/tokenstore/file.go:42.16,44.3 1 0
github.com/serverkraken/flow/internal/adapter/tokenstore/file.go:45.2,46.47 2 1
github.com/serverkraken/flow/internal/adapter/tokenstore/file.go:46.47,48.3 1 0
github.com/serverkraken/flow/internal/adapter/tokenstore/file.go:49.2,49.110 1 1
github.com/serverkraken/flow/internal/adapter/tokenstore/file.go:52.35,54.36 2 1
github.com/serverkraken/flow/internal/adapter/tokenstore/file.go:54.36,56.3 1 0
github.com/serverkraken/flow/internal/adapter/tokenstore/file.go:57.2,57.12 1 1
github.com/serverkraken/flow/internal/adapter/tokenstore/keyring.go:22.38,22.64 1 1
github.com/serverkraken/flow/internal/adapter/tokenstore/keyring.go:24.47,25.79 1 1
github.com/serverkraken/flow/internal/adapter/tokenstore/keyring.go:25.79,27.3 1 0
github.com/serverkraken/flow/internal/adapter/tokenstore/keyring.go:28.2,28.81 1 1
github.com/serverkraken/flow/internal/adapter/tokenstore/keyring.go:28.81,30.3 1 0
github.com/serverkraken/flow/internal/adapter/tokenstore/keyring.go:31.2,31.89 1 1
github.com/serverkraken/flow/internal/adapter/tokenstore/keyring.go:34.55,36.41 2 1
github.com/serverkraken/flow/internal/adapter/tokenstore/keyring.go:36.41,38.3 1 1
github.com/serverkraken/flow/internal/adapter/tokenstore/keyring.go:39.2,39.16 1 1
github.com/serverkraken/flow/internal/adapter/tokenstore/keyring.go:39.16,41.3 1 0
github.com/serverkraken/flow/internal/adapter/tokenstore/keyring.go:42.2,43.56 2 1
github.com/serverkraken/flow/internal/adapter/tokenstore/keyring.go:43.56,45.3 1 0
github.com/serverkraken/flow/internal/adapter/tokenstore/keyring.go:46.2,47.82 2 1
github.com/serverkraken/flow/internal/adapter/tokenstore/keyring.go:47.82,49.3 1 1
github.com/serverkraken/flow/internal/adapter/tokenstore/keyring.go:50.2,50.91 1 1
github.com/serverkraken/flow/internal/adapter/tokenstore/keyring.go:53.35,54.69 1 1
github.com/serverkraken/flow/internal/adapter/tokenstore/keyring.go:54.69,55.102 1 1
github.com/serverkraken/flow/internal/adapter/tokenstore/keyring.go:55.102,57.4 1 0
github.com/serverkraken/flow/internal/adapter/tokenstore/keyring.go:59.2,59.12 1 1
github.com/serverkraken/flow/internal/adapter/tokenstore/store.go:13.30,14.21 1 1
github.com/serverkraken/flow/internal/adapter/tokenstore/store.go:14.21,16.3 1 1
github.com/serverkraken/flow/internal/adapter/tokenstore/store.go:17.2,18.16 2 0
github.com/serverkraken/flow/internal/adapter/tokenstore/store.go:18.16,21.3 1 0
github.com/serverkraken/flow/internal/adapter/tokenstore/store.go:22.2,22.27 1 0
github.com/serverkraken/flow/internal/adapter/tokenstore/store.go:26.27,28.64 2 1
github.com/serverkraken/flow/internal/adapter/tokenstore/store.go:28.64,30.3 1 0
github.com/serverkraken/flow/internal/adapter/tokenstore/store.go:31.2,32.13 2 1
github.com/serverkraken/flow/internal/adapter/tokenstore/store.go:35.40,37.16 2 1
github.com/serverkraken/flow/internal/adapter/tokenstore/store.go:37.16,39.3 1 0
github.com/serverkraken/flow/internal/adapter/tokenstore/store.go:40.2,40.54 1 1
github.com/serverkraken/flow/internal/adapter/editor/editor.go:21.19,21.38 1 1
github.com/serverkraken/flow/internal/adapter/editor/editor.go:25.53,27.14 2 1
github.com/serverkraken/flow/internal/adapter/editor/editor.go:27.14,29.3 1 0
github.com/serverkraken/flow/internal/adapter/editor/editor.go:30.2,31.28 2 1
github.com/serverkraken/flow/internal/adapter/editor/editor.go:35.56,37.16 2 1
github.com/serverkraken/flow/internal/adapter/editor/editor.go:37.16,39.3 1 0
github.com/serverkraken/flow/internal/adapter/editor/editor.go:40.2,41.44 2 1
github.com/serverkraken/flow/internal/adapter/editor/editor.go:41.44,45.3 3 0
github.com/serverkraken/flow/internal/adapter/editor/editor.go:46.2,46.34 1 1
github.com/serverkraken/flow/internal/adapter/editor/editor.go:46.34,49.3 2 0
github.com/serverkraken/flow/internal/adapter/editor/editor.go:50.2,50.18 1 1
github.com/serverkraken/flow/internal/adapter/editor/editor.go:57.115,59.16 2 1
github.com/serverkraken/flow/internal/adapter/editor/editor.go:59.16,61.3 1 0
github.com/serverkraken/flow/internal/adapter/editor/editor.go:62.2,65.36 4 1
github.com/serverkraken/flow/internal/adapter/editor/editor.go:65.36,67.17 2 1
github.com/serverkraken/flow/internal/adapter/editor/editor.go:67.17,69.4 1 0
github.com/serverkraken/flow/internal/adapter/editor/editor.go:70.3,70.19 1 1
github.com/serverkraken/flow/internal/adapter/editor/editor.go:72.2,72.19 1 1
github.com/serverkraken/flow/internal/adapter/editor/editor.go:72.19,72.42 1 1
github.com/serverkraken/flow/internal/adapter/editor/editor.go:73.2,73.36 1 1
github.com/serverkraken/flow/internal/adapter/editor/editor.go:79.73,81.16 2 1
github.com/serverkraken/flow/internal/adapter/editor/editor.go:81.16,83.3 1 0
github.com/serverkraken/flow/internal/adapter/editor/editor.go:84.2,84.15 1 1
github.com/serverkraken/flow/internal/adapter/editor/editor.go:84.15,84.38 1 1
github.com/serverkraken/flow/internal/adapter/editor/editor.go:86.2,90.34 5 1
github.com/serverkraken/flow/internal/adapter/editor/editor.go:90.34,92.3 1 1
github.com/serverkraken/flow/internal/adapter/editor/editor.go:93.2,94.16 2 1
github.com/serverkraken/flow/internal/adapter/editor/editor.go:94.16,96.3 1 0
github.com/serverkraken/flow/internal/adapter/editor/editor.go:97.2,97.18 1 1
github.com/serverkraken/flow/internal/adapter/uuidgen/uuidgen.go:8.27,8.54 1 1
github.com/serverkraken/flow/internal/adapter/websession/cookie.go:18.56,20.2 1 1
github.com/serverkraken/flow/internal/adapter/websession/cookie.go:23.54,31.16 4 1
github.com/serverkraken/flow/internal/adapter/websession/cookie.go:31.16,33.3 1 0
github.com/serverkraken/flow/internal/adapter/websession/cookie.go:34.2,34.15 1 1
github.com/serverkraken/flow/internal/adapter/websession/cookie.go:39.51,41.78 2 1
github.com/serverkraken/flow/internal/adapter/websession/cookie.go:41.78,42.54 1 1
github.com/serverkraken/flow/internal/adapter/websession/cookie.go:42.54,44.4 1 0
github.com/serverkraken/flow/internal/adapter/websession/cookie.go:45.3,45.23 1 1
github.com/serverkraken/flow/internal/adapter/websession/cookie.go:47.2,47.16 1 1
github.com/serverkraken/flow/internal/adapter/websession/cookie.go:47.16,49.3 1 1
github.com/serverkraken/flow/internal/adapter/websession/cookie.go:50.2,50.28 1 1
github.com/serverkraken/flow/internal/adapter/webui/dayoffs_templ.go:21.47,22.131 1 0
github.com/serverkraken/flow/internal/adapter/webui/dayoffs_templ.go:22.131,24.71 2 0
github.com/serverkraken/flow/internal/adapter/webui/dayoffs_templ.go:24.71,26.4 1 0
github.com/serverkraken/flow/internal/adapter/webui/dayoffs_templ.go:27.3,28.31 2 0
github.com/serverkraken/flow/internal/adapter/webui/dayoffs_templ.go:28.31,29.17 1 0
github.com/serverkraken/flow/internal/adapter/webui/dayoffs_templ.go:29.17,31.34 2 0
github.com/serverkraken/flow/internal/adapter/webui/dayoffs_templ.go:31.34,33.6 1 0
github.com/serverkraken/flow/internal/adapter/webui/dayoffs_templ.go:36.3,38.33 3 0
github.com/serverkraken/flow/internal/adapter/webui/dayoffs_templ.go:38.33,40.4 1 0
github.com/serverkraken/flow/internal/adapter/webui/dayoffs_templ.go:41.3,43.32 3 0
github.com/serverkraken/flow/internal/adapter/webui/dayoffs_templ.go:43.32,45.4 1 0
github.com/serverkraken/flow/internal/adapter/webui/dayoffs_templ.go:46.3,47.32 2 0
github.com/serverkraken/flow/internal/adapter/webui/dayoffs_templ.go:47.32,49.4 1 0
github.com/serverkraken/flow/internal/adapter/webui/dayoffs_templ.go:50.3,51.32 2 0
github.com/serverkraken/flow/internal/adapter/webui/dayoffs_templ.go:51.32,53.4 1 0
github.com/serverkraken/flow/internal/adapter/webui/dayoffs_templ.go:54.3,54.13 1 0
github.com/serverkraken/flow/internal/adapter/webui/dayoffs_templ.go:58.51,59.131 1 0
github.com/serverkraken/flow/internal/adapter/webui/dayoffs_templ.go:59.131,61.71 2 0
github.com/serverkraken/flow/internal/adapter/webui/dayoffs_templ.go:61.71,63.4 1 0
github.com/serverkraken/flow/internal/adapter/webui/dayoffs_templ.go:64.3,65.31 2 0
github.com/serverkraken/flow/internal/adapter/webui/dayoffs_templ.go:65.31,66.17 1 0
github.com/serverkraken/flow/internal/adapter/webui/dayoffs_templ.go:66.17,68.34 2 0
github.com/serverkraken/flow/internal/adapter/webui/dayoffs_templ.go:68.34,70.6 1 0
github.com/serverkraken/flow/internal/adapter/webui/dayoffs_templ.go:73.3,75.33 3 0
github.com/serverkraken/flow/internal/adapter/webui/dayoffs_templ.go:75.33,77.4 1 0
github.com/serverkraken/flow/internal/adapter/webui/dayoffs_templ.go:78.3,80.32 3 0
github.com/serverkraken/flow/internal/adapter/webui/dayoffs_templ.go:80.32,82.4 1 0
github.com/serverkraken/flow/internal/adapter/webui/dayoffs_templ.go:83.3,85.32 3 0
github.com/serverkraken/flow/internal/adapter/webui/dayoffs_templ.go:85.32,87.4 1 0
github.com/serverkraken/flow/internal/adapter/webui/dayoffs_templ.go:88.3,89.32 2 0
github.com/serverkraken/flow/internal/adapter/webui/dayoffs_templ.go:89.32,91.4 1 0
github.com/serverkraken/flow/internal/adapter/webui/dayoffs_templ.go:92.3,93.32 2 0
github.com/serverkraken/flow/internal/adapter/webui/dayoffs_templ.go:93.32,95.4 1 0
github.com/serverkraken/flow/internal/adapter/webui/dayoffs_templ.go:96.3,96.31 1 0
github.com/serverkraken/flow/internal/adapter/webui/dayoffs_templ.go:96.31,98.33 2 0
github.com/serverkraken/flow/internal/adapter/webui/dayoffs_templ.go:98.33,100.5 1 0
github.com/serverkraken/flow/internal/adapter/webui/dayoffs_templ.go:101.4,103.33 3 0
github.com/serverkraken/flow/internal/adapter/webui/dayoffs_templ.go:103.33,105.5 1 0
github.com/serverkraken/flow/internal/adapter/webui/dayoffs_templ.go:106.4,107.33 2 0
github.com/serverkraken/flow/internal/adapter/webui/dayoffs_templ.go:107.33,109.5 1 0
github.com/serverkraken/flow/internal/adapter/webui/dayoffs_templ.go:110.4,111.33 2 0
github.com/serverkraken/flow/internal/adapter/webui/dayoffs_templ.go:111.33,113.5 1 0
github.com/serverkraken/flow/internal/adapter/webui/dayoffs_templ.go:114.4,114.17 1 0
github.com/serverkraken/flow/internal/adapter/webui/dayoffs_templ.go:114.17,117.34 3 0
github.com/serverkraken/flow/internal/adapter/webui/dayoffs_templ.go:117.34,119.6 1 0
github.com/serverkraken/flow/internal/adapter/webui/dayoffs_templ.go:120.5,121.34 2 0
github.com/serverkraken/flow/internal/adapter/webui/dayoffs_templ.go:121.34,123.6 1 0
github.com/serverkraken/flow/internal/adapter/webui/dayoffs_templ.go:124.5,125.34 2 0
github.com/serverkraken/flow/internal/adapter/webui/dayoffs_templ.go:125.34,127.6 1 0
github.com/serverkraken/flow/internal/adapter/webui/dayoffs_templ.go:128.10,131.34 3 0
github.com/serverkraken/flow/internal/adapter/webui/dayoffs_templ.go:131.34,133.6 1 0
github.com/serverkraken/flow/internal/adapter/webui/dayoffs_templ.go:134.5,135.34 2 0
github.com/serverkraken/flow/internal/adapter/webui/dayoffs_templ.go:135.34,137.6 1 0
github.com/serverkraken/flow/internal/adapter/webui/dayoffs_templ.go:138.5,139.34 2 0
github.com/serverkraken/flow/internal/adapter/webui/dayoffs_templ.go:139.34,141.6 1 0
github.com/serverkraken/flow/internal/adapter/webui/dayoffs_templ.go:142.5,144.34 3 0
github.com/serverkraken/flow/internal/adapter/webui/dayoffs_templ.go:144.34,146.6 1 0
github.com/serverkraken/flow/internal/adapter/webui/dayoffs_templ.go:147.5,148.34 2 0
github.com/serverkraken/flow/internal/adapter/webui/dayoffs_templ.go:148.34,150.6 1 0
github.com/serverkraken/flow/internal/adapter/webui/dayoffs_templ.go:152.4,153.33 2 0
github.com/serverkraken/flow/internal/adapter/webui/dayoffs_templ.go:153.33,155.5 1 0
github.com/serverkraken/flow/internal/adapter/webui/dayoffs_templ.go:156.4,156.18 1 0
github.com/serverkraken/flow/internal/adapter/webui/dayoffs_templ.go:156.18,158.34 2 0
github.com/serverkraken/flow/internal/adapter/webui/dayoffs_templ.go:158.34,160.6 1 0
github.com/serverkraken/flow/internal/adapter/webui/dayoffs_templ.go:161.5,163.34 3 0
github.com/serverkraken/flow/internal/adapter/webui/dayoffs_templ.go:163.34,165.6 1 0
github.com/serverkraken/flow/internal/adapter/webui/dayoffs_templ.go:166.5,167.34 2 0
github.com/serverkraken/flow/internal/adapter/webui/dayoffs_templ.go:167.34,169.6 1 0
github.com/serverkraken/flow/internal/adapter/webui/dayoffs_templ.go:170.5,171.34 2 0
github.com/serverkraken/flow/internal/adapter/webui/dayoffs_templ.go:171.34,173.6 1 0
github.com/serverkraken/flow/internal/adapter/webui/dayoffs_templ.go:175.4,176.33 2 0
github.com/serverkraken/flow/internal/adapter/webui/dayoffs_templ.go:176.33,178.5 1 0
github.com/serverkraken/flow/internal/adapter/webui/dayoffs_templ.go:180.3,181.32 2 0
github.com/serverkraken/flow/internal/adapter/webui/dayoffs_templ.go:181.32,183.4 1 0
github.com/serverkraken/flow/internal/adapter/webui/dayoffs_templ.go:184.3,186.32 3 0
github.com/serverkraken/flow/internal/adapter/webui/dayoffs_templ.go:186.32,188.4 1 0
github.com/serverkraken/flow/internal/adapter/webui/dayoffs_templ.go:189.3,190.32 2 0
github.com/serverkraken/flow/internal/adapter/webui/dayoffs_templ.go:190.32,192.4 1 0
github.com/serverkraken/flow/internal/adapter/webui/dayoffs_templ.go:193.3,194.32 2 0
github.com/serverkraken/flow/internal/adapter/webui/dayoffs_templ.go:194.32,196.4 1 0
github.com/serverkraken/flow/internal/adapter/webui/dayoffs_templ.go:197.3,197.13 1 0
github.com/serverkraken/flow/internal/adapter/webui/docs_templ.go:81.47,82.131 1 0
github.com/serverkraken/flow/internal/adapter/webui/docs_templ.go:82.131,84.71 2 0
github.com/serverkraken/flow/internal/adapter/webui/docs_templ.go:84.71,86.4 1 0
github.com/serverkraken/flow/internal/adapter/webui/docs_templ.go:87.3,88.31 2 0
github.com/serverkraken/flow/internal/adapter/webui/docs_templ.go:88.31,89.17 1 0
github.com/serverkraken/flow/internal/adapter/webui/docs_templ.go:89.17,91.34 2 0
github.com/serverkraken/flow/internal/adapter/webui/docs_templ.go:91.34,93.6 1 0
github.com/serverkraken/flow/internal/adapter/webui/docs_templ.go:96.3,98.33 3 0
github.com/serverkraken/flow/internal/adapter/webui/docs_templ.go:98.33,100.4 1 0
github.com/serverkraken/flow/internal/adapter/webui/docs_templ.go:101.3,103.32 3 0
github.com/serverkraken/flow/internal/adapter/webui/docs_templ.go:103.32,105.4 1 0
github.com/serverkraken/flow/internal/adapter/webui/docs_templ.go:106.3,108.32 3 0
github.com/serverkraken/flow/internal/adapter/webui/docs_templ.go:108.32,110.4 1 0
github.com/serverkraken/flow/internal/adapter/webui/docs_templ.go:111.3,112.32 2 0
github.com/serverkraken/flow/internal/adapter/webui/docs_templ.go:112.32,114.4 1 0
github.com/serverkraken/flow/internal/adapter/webui/docs_templ.go:115.3,116.32 2 0
github.com/serverkraken/flow/internal/adapter/webui/docs_templ.go:116.32,118.4 1 0
github.com/serverkraken/flow/internal/adapter/webui/docs_templ.go:119.3,120.32 2 0
github.com/serverkraken/flow/internal/adapter/webui/docs_templ.go:120.32,122.4 1 0
github.com/serverkraken/flow/internal/adapter/webui/docs_templ.go:123.3,124.32 2 0
github.com/serverkraken/flow/internal/adapter/webui/docs_templ.go:124.32,126.4 1 0
github.com/serverkraken/flow/internal/adapter/webui/docs_templ.go:127.3,127.13 1 0
github.com/serverkraken/flow/internal/adapter/webui/docs_templ.go:131.51,132.131 1 0
github.com/serverkraken/flow/internal/adapter/webui/docs_templ.go:132.131,134.71 2 0
github.com/serverkraken/flow/internal/adapter/webui/docs_templ.go:134.71,136.4 1 0
github.com/serverkraken/flow/internal/adapter/webui/docs_templ.go:137.3,138.31 2 0
github.com/serverkraken/flow/internal/adapter/webui/docs_templ.go:138.31,139.17 1 0
github.com/serverkraken/flow/internal/adapter/webui/docs_templ.go:139.17,141.34 2 0
github.com/serverkraken/flow/internal/adapter/webui/docs_templ.go:141.34,143.6 1 0
github.com/serverkraken/flow/internal/adapter/webui/docs_templ.go:146.3,148.33 3 0
github.com/serverkraken/flow/internal/adapter/webui/docs_templ.go:148.33,150.4 1 0
github.com/serverkraken/flow/internal/adapter/webui/docs_templ.go:151.3,153.32 3 0
github.com/serverkraken/flow/internal/adapter/webui/docs_templ.go:153.32,155.4 1 0
github.com/serverkraken/flow/internal/adapter/webui/docs_templ.go:156.3,157.32 2 0
github.com/serverkraken/flow/internal/adapter/webui/docs_templ.go:157.32,159.4 1 0
github.com/serverkraken/flow/internal/adapter/webui/docs_templ.go:160.3,160.13 1 0
github.com/serverkraken/flow/internal/adapter/webui/docs_templ.go:164.55,165.131 1 0
github.com/serverkraken/flow/internal/adapter/webui/docs_templ.go:165.131,167.71 2 0
github.com/serverkraken/flow/internal/adapter/webui/docs_templ.go:167.71,169.4 1 0
github.com/serverkraken/flow/internal/adapter/webui/docs_templ.go:170.3,171.31 2 0
github.com/serverkraken/flow/internal/adapter/webui/docs_templ.go:171.31,172.17 1 0
github.com/serverkraken/flow/internal/adapter/webui/docs_templ.go:172.17,174.34 2 0
github.com/serverkraken/flow/internal/adapter/webui/docs_templ.go:174.34,176.6 1 0
github.com/serverkraken/flow/internal/adapter/webui/docs_templ.go:179.3,181.33 3 0
github.com/serverkraken/flow/internal/adapter/webui/docs_templ.go:181.33,183.4 1 0
github.com/serverkraken/flow/internal/adapter/webui/docs_templ.go:184.3,186.32 3 0
github.com/serverkraken/flow/internal/adapter/webui/docs_templ.go:186.32,188.4 1 0
github.com/serverkraken/flow/internal/adapter/webui/docs_templ.go:189.3,189.34 1 0
github.com/serverkraken/flow/internal/adapter/webui/docs_templ.go:189.34,191.33 2 0
github.com/serverkraken/flow/internal/adapter/webui/docs_templ.go:191.33,193.5 1 0
github.com/serverkraken/flow/internal/adapter/webui/docs_templ.go:194.4,196.33 3 0
github.com/serverkraken/flow/internal/adapter/webui/docs_templ.go:196.33,198.5 1 0
github.com/serverkraken/flow/internal/adapter/webui/docs_templ.go:199.4,200.33 2 0
github.com/serverkraken/flow/internal/adapter/webui/docs_templ.go:200.33,202.5 1 0
github.com/serverkraken/flow/internal/adapter/webui/docs_templ.go:203.4,204.33 2 0
github.com/serverkraken/flow/internal/adapter/webui/docs_templ.go:204.33,206.5 1 0
github.com/serverkraken/flow/internal/adapter/webui/docs_templ.go:208.3,209.32 2 0
github.com/serverkraken/flow/internal/adapter/webui/docs_templ.go:209.32,211.4 1 0
github.com/serverkraken/flow/internal/adapter/webui/docs_templ.go:212.3,214.32 3 0
github.com/serverkraken/flow/internal/adapter/webui/docs_templ.go:214.32,216.4 1 0
github.com/serverkraken/flow/internal/adapter/webui/docs_templ.go:217.3,218.32 2 0
github.com/serverkraken/flow/internal/adapter/webui/docs_templ.go:218.32,220.4 1 0
github.com/serverkraken/flow/internal/adapter/webui/docs_templ.go:221.3,222.32 2 0
github.com/serverkraken/flow/internal/adapter/webui/docs_templ.go:222.32,224.4 1 0
github.com/serverkraken/flow/internal/adapter/webui/docs_templ.go:225.3,225.25 1 0
github.com/serverkraken/flow/internal/adapter/webui/docs_templ.go:225.25,227.33 2 0
github.com/serverkraken/flow/internal/adapter/webui/docs_templ.go:227.33,229.5 1 0
github.com/serverkraken/flow/internal/adapter/webui/docs_templ.go:230.4,230.32 1 0
github.com/serverkraken/flow/internal/adapter/webui/docs_templ.go:230.32,231.17 1 0
github.com/serverkraken/flow/internal/adapter/webui/docs_templ.go:231.17,233.35 2 0
github.com/serverkraken/flow/internal/adapter/webui/docs_templ.go:233.35,235.7 1 0
github.com/serverkraken/flow/internal/adapter/webui/docs_templ.go:236.6,238.35 3 0
github.com/serverkraken/flow/internal/adapter/webui/docs_templ.go:238.35,240.7 1 0
github.com/serverkraken/flow/internal/adapter/webui/docs_templ.go:241.6,242.35 2 0
github.com/serverkraken/flow/internal/adapter/webui/docs_templ.go:242.35,244.7 1 0
github.com/serverkraken/flow/internal/adapter/webui/docs_templ.go:245.6,247.35 3 0
github.com/serverkraken/flow/internal/adapter/webui/docs_templ.go:247.35,249.7 1 0
github.com/serverkraken/flow/internal/adapter/webui/docs_templ.go:250.6,251.35 2 0
github.com/serverkraken/flow/internal/adapter/webui/docs_templ.go:251.35,253.7 1 0
github.com/serverkraken/flow/internal/adapter/webui/docs_templ.go:254.6,255.35 2 0
github.com/serverkraken/flow/internal/adapter/webui/docs_templ.go:255.35,257.7 1 0
github.com/serverkraken/flow/internal/adapter/webui/docs_templ.go:258.11,260.35 2 0
github.com/serverkraken/flow/internal/adapter/webui/docs_templ.go:260.35,262.7 1 0
github.com/serverkraken/flow/internal/adapter/webui/docs_templ.go:263.6,265.35 3 0
github.com/serverkraken/flow/internal/adapter/webui/docs_templ.go:265.35,267.7 1 0
github.com/serverkraken/flow/internal/adapter/webui/docs_templ.go:268.6,269.35 2 0
github.com/serverkraken/flow/internal/adapter/webui/docs_templ.go:269.35,271.7 1 0
github.com/serverkraken/flow/internal/adapter/webui/docs_templ.go:272.6,274.35 3 0
github.com/serverkraken/flow/internal/adapter/webui/docs_templ.go:274.35,276.7 1 0
github.com/serverkraken/flow/internal/adapter/webui/docs_templ.go:277.6,278.35 2 0
github.com/serverkraken/flow/internal/adapter/webui/docs_templ.go:278.35,280.7 1 0
github.com/serverkraken/flow/internal/adapter/webui/docs_templ.go:281.6,282.35 2 0
github.com/serverkraken/flow/internal/adapter/webui/docs_templ.go:282.35,284.7 1 0
github.com/serverkraken/flow/internal/adapter/webui/docs_templ.go:287.4,287.29 1 0
github.com/serverkraken/flow/internal/adapter/webui/docs_templ.go:287.29,289.34 2 0
github.com/serverkraken/flow/internal/adapter/webui/docs_templ.go:289.34,291.6 1 0
github.com/serverkraken/flow/internal/adapter/webui/docs_templ.go:293.4,294.33 2 0
github.com/serverkraken/flow/internal/adapter/webui/docs_templ.go:294.33,296.5 1 0
github.com/serverkraken/flow/internal/adapter/webui/docs_templ.go:298.3,298.22 1 0
github.com/serverkraken/flow/internal/adapter/webui/docs_templ.go:298.22,299.27 1 0
github.com/serverkraken/flow/internal/adapter/webui/docs_templ.go:299.27,301.34 2 0
github.com/serverkraken/flow/internal/adapter/webui/docs_templ.go:301.34,303.6 1 0
github.com/serverkraken/flow/internal/adapter/webui/docs_templ.go:304.5,306.34 3 0
github.com/serverkraken/flow/internal/adapter/webui/docs_templ.go:306.34,308.6 1 0
github.com/serverkraken/flow/internal/adapter/webui/docs_templ.go:309.5,310.34 2 0
github.com/serverkraken/flow/internal/adapter/webui/docs_templ.go:310.34,312.6 1 0
github.com/serverkraken/flow/internal/adapter/webui/docs_templ.go:313.5,314.34 2 0
github.com/serverkraken/flow/internal/adapter/webui/docs_templ.go:314.34,316.6 1 0
github.com/serverkraken/flow/internal/adapter/webui/docs_templ.go:317.10,319.34 2 0
github.com/serverkraken/flow/internal/adapter/webui/docs_templ.go:319.34,321.6 1 0
github.com/serverkraken/flow/internal/adapter/webui/docs_templ.go:322.5,322.33 1 0
github.com/serverkraken/flow/internal/adapter/webui/docs_templ.go:322.33,324.35 2 0
github.com/serverkraken/flow/internal/adapter/webui/docs_templ.go:324.35,326.7 1 0
github.com/serverkraken/flow/internal/adapter/webui/docs_templ.go:327.6,329.35 3 0
github.com/serverkraken/flow/internal/adapter/webui/docs_templ.go:329.35,331.7 1 0
github.com/serverkraken/flow/internal/adapter/webui/docs_templ.go:332.6,333.35 2 0
github.com/serverkraken/flow/internal/adapter/webui/docs_templ.go:333.35,335.7 1 0
github.com/serverkraken/flow/internal/adapter/webui/docs_templ.go:336.6,338.35 3 0
github.com/serverkraken/flow/internal/adapter/webui/docs_templ.go:338.35,340.7 1 0
github.com/serverkraken/flow/internal/adapter/webui/docs_templ.go:341.6,342.35 2 0
github.com/serverkraken/flow/internal/adapter/webui/docs_templ.go:342.35,344.7 1 0
github.com/serverkraken/flow/internal/adapter/webui/docs_templ.go:345.6,346.35 2 0
github.com/serverkraken/flow/internal/adapter/webui/docs_templ.go:346.35,348.7 1 0
github.com/serverkraken/flow/internal/adapter/webui/docs_templ.go:349.6,351.35 3 0
github.com/serverkraken/flow/internal/adapter/webui/docs_templ.go:351.35,353.7 1 0
github.com/serverkraken/flow/internal/adapter/webui/docs_templ.go:354.6,355.35 2 0
github.com/serverkraken/flow/internal/adapter/webui/docs_templ.go:355.35,357.7 1 0
github.com/serverkraken/flow/internal/adapter/webui/docs_templ.go:358.6,359.35 2 0
github.com/serverkraken/flow/internal/adapter/webui/docs_templ.go:359.35,361.7 1 0
github.com/serverkraken/flow/internal/adapter/webui/docs_templ.go:362.6,363.35 2 0
github.com/serverkraken/flow/internal/adapter/webui/docs_templ.go:363.35,365.7 1 0
github.com/serverkraken/flow/internal/adapter/webui/docs_templ.go:366.6,367.35 2 0
github.com/serverkraken/flow/internal/adapter/webui/docs_templ.go:367.35,369.7 1 0
github.com/serverkraken/flow/internal/adapter/webui/docs_templ.go:371.5,372.34 2 0
github.com/serverkraken/flow/internal/adapter/webui/docs_templ.go:372.34,374.6 1 0
github.com/serverkraken/flow/internal/adapter/webui/docs_templ.go:376.9,377.24 1 0
github.com/serverkraken/flow/internal/adapter/webui/docs_templ.go:377.24,379.34 2 0
github.com/serverkraken/flow/internal/adapter/webui/docs_templ.go:379.34,381.6 1 0
github.com/serverkraken/flow/internal/adapter/webui/docs_templ.go:382.10,384.34 2 0
github.com/serverkraken/flow/internal/adapter/webui/docs_templ.go:384.34,386.6 1 0
github.com/serverkraken/flow/internal/adapter/webui/docs_templ.go:387.5,387.32 1 0
github.com/serverkraken/flow/internal/adapter/webui/docs_templ.go:387.32,389.35 2 0
github.com/serverkraken/flow/internal/adapter/webui/docs_templ.go:389.35,391.7 1 0
github.com/serverkraken/flow/internal/adapter/webui/docs_templ.go:392.6,394.35 3 0
github.com/serverkraken/flow/internal/adapter/webui/docs_templ.go:394.35,396.7 1 0
github.com/serverkraken/flow/internal/adapter/webui/docs_templ.go:397.6,398.35 2 0
github.com/serverkraken/flow/internal/adapter/webui/docs_templ.go:398.35,400.7 1 0
github.com/serverkraken/flow/internal/adapter/webui/docs_templ.go:401.6,403.35 3 0
github.com/serverkraken/flow/internal/adapter/webui/docs_templ.go:403.35,405.7 1 0
github.com/serverkraken/flow/internal/adapter/webui/docs_templ.go:406.6,407.35 2 0
github.com/serverkraken/flow/internal/adapter/webui/docs_templ.go:407.35,409.7 1 0
[...]
github.com/serverkraken/flow/internal/adapter/pgstore/dayoffs.go:59.68,61.4 1 0
github.com/serverkraken/flow/internal/adapter/pgstore/dayoffs.go:62.3,65.5 1 1
github.com/serverkraken/flow/internal/adapter/pgstore/dayoffs.go:67.2,67.24 1 1
github.com/serverkraken/flow/internal/adapter/pgstore/documents.go:22.58,22.95 1 1
github.com/serverkraken/flow/internal/adapter/pgstore/documents.go:28.97,33.16 3 1
github.com/serverkraken/flow/internal/adapter/pgstore/documents.go:33.16,35.3 1 0
github.com/serverkraken/flow/internal/adapter/pgstore/documents.go:36.2,39.28 2 1
github.com/serverkraken/flow/internal/adapter/pgstore/documents.go:39.28,41.3 1 1
github.com/serverkraken/flow/internal/adapter/pgstore/documents.go:42.2,42.17 1 1
github.com/serverkraken/flow/internal/adapter/pgstore/documents.go:45.95,48.35 3 1
github.com/serverkraken/flow/internal/adapter/pgstore/documents.go:48.35,50.3 1 1
github.com/serverkraken/flow/internal/adapter/pgstore/documents.go:51.2,51.15 1 1
github.com/serverkraken/flow/internal/adapter/pgstore/documents.go:54.110,57.19 3 1
github.com/serverkraken/flow/internal/adapter/pgstore/documents.go:57.19,60.3 2 1
github.com/serverkraken/flow/internal/adapter/pgstore/documents.go:61.2,63.16 3 1
github.com/serverkraken/flow/internal/adapter/pgstore/documents.go:63.16,65.3 1 0
github.com/serverkraken/flow/internal/adapter/pgstore/documents.go:66.2,68.18 3 1
github.com/serverkraken/flow/internal/adapter/pgstore/documents.go:68.18,70.17 2 1
github.com/serverkraken/flow/internal/adapter/pgstore/documents.go:70.17,72.4 1 0
github.com/serverkraken/flow/internal/adapter/pgstore/documents.go:73.3,73.23 1 1
github.com/serverkraken/flow/internal/adapter/pgstore/documents.go:75.2,75.24 1 1
github.com/serverkraken/flow/internal/adapter/pgstore/documents.go:78.97,83.16 3 1
github.com/serverkraken/flow/internal/adapter/pgstore/documents.go:83.16,85.3 1 0
github.com/serverkraken/flow/internal/adapter/pgstore/documents.go:86.2,88.35 2 1
github.com/serverkraken/flow/internal/adapter/pgstore/documents.go:88.35,90.3 1 0
github.com/serverkraken/flow/internal/adapter/pgstore/documents.go:91.2,91.17 1 1
github.com/serverkraken/flow/internal/adapter/pgstore/documents.go:94.79,96.16 2 1
github.com/serverkraken/flow/internal/adapter/pgstore/documents.go:96.16,98.3 1 0
github.com/serverkraken/flow/internal/adapter/pgstore/documents.go:99.2,99.29 1 1
github.com/serverkraken/flow/internal/adapter/pgstore/documents.go:99.29,101.3 1 1
github.com/serverkraken/flow/internal/adapter/pgstore/documents.go:102.2,102.12 1 1
github.com/serverkraken/flow/internal/adapter/pgstore/documents.go:105.109,107.16 2 1
github.com/serverkraken/flow/internal/adapter/pgstore/documents.go:107.16,109.3 1 0
github.com/serverkraken/flow/internal/adapter/pgstore/documents.go:110.2,110.15 1 1
github.com/serverkraken/flow/internal/adapter/pgstore/documents.go:110.15,110.39 1 1
github.com/serverkraken/flow/internal/adapter/pgstore/documents.go:112.2,112.100 1 1
github.com/serverkraken/flow/internal/adapter/pgstore/documents.go:112.100,114.3 1 0
github.com/serverkraken/flow/internal/adapter/pgstore/documents.go:115.2,115.30 1 1
github.com/serverkraken/flow/internal/adapter/pgstore/documents.go:115.30,118.40 1 1
github.com/serverkraken/flow/internal/adapter/pgstore/documents.go:118.40,120.4 1 0
github.com/serverkraken/flow/internal/adapter/pgstore/documents.go:122.2,122.23 1 1
github.com/serverkraken/flow/internal/adapter/pgstore/documents.go:125.111,132.16 3 1
github.com/serverkraken/flow/internal/adapter/pgstore/documents.go:132.16,134.3 1 0
github.com/serverkraken/flow/internal/adapter/pgstore/documents.go:135.2,137.18 3 1
github.com/serverkraken/flow/internal/adapter/pgstore/documents.go:137.18,139.17 2 1
github.com/serverkraken/flow/internal/adapter/pgstore/documents.go:139.17,141.4 1 0
github.com/serverkraken/flow/internal/adapter/pgstore/documents.go:142.3,142.23 1 1
github.com/serverkraken/flow/internal/adapter/pgstore/documents.go:144.2,144.24 1 1
github.com/serverkraken/flow/internal/adapter/pgstore/documents.go:152.115,164.19 3 1
github.com/serverkraken/flow/internal/adapter/pgstore/documents.go:164.19,167.3 2 1
github.com/serverkraken/flow/internal/adapter/pgstore/documents.go:168.2,177.16 3 1
github.com/serverkraken/flow/internal/adapter/pgstore/documents.go:177.16,179.3 1 0
github.com/serverkraken/flow/internal/adapter/pgstore/documents.go:180.2,182.18 3 1
github.com/serverkraken/flow/internal/adapter/pgstore/documents.go:182.18,184.17 2 1
github.com/serverkraken/flow/internal/adapter/pgstore/documents.go:184.17,186.4 1 0
github.com/serverkraken/flow/internal/adapter/pgstore/documents.go:187.3,187.23 1 1
github.com/serverkraken/flow/internal/adapter/pgstore/documents.go:189.2,189.24 1 1
github.com/serverkraken/flow/internal/adapter/pgstore/documents.go:193.60,199.88 5 1
github.com/serverkraken/flow/internal/adapter/pgstore/documents.go:199.88,201.3 1 0
github.com/serverkraken/flow/internal/adapter/pgstore/documents.go:202.2,203.20 2 1
github.com/serverkraken/flow/internal/adapter/pgstore/documents.go:203.20,204.57 1 1
github.com/serverkraken/flow/internal/adapter/pgstore/documents.go:204.57,206.4 1 0
github.com/serverkraken/flow/internal/adapter/pgstore/documents.go:208.2,208.61 1 1
github.com/serverkraken/flow/internal/adapter/pgstore/documents.go:213.40,216.22 3 1
github.com/serverkraken/flow/internal/adapter/pgstore/documents.go:216.22,217.12 1 1
github.com/serverkraken/flow/internal/adapter/pgstore/documents.go:217.12,219.4 1 1
github.com/serverkraken/flow/internal/adapter/pgstore/documents.go:220.3,220.62 1 1
github.com/serverkraken/flow/internal/adapter/pgstore/documents.go:222.2,223.19 2 1
github.com/serverkraken/flow/internal/adapter/pgstore/documents.go:226.99,232.16 3 1
github.com/serverkraken/flow/internal/adapter/pgstore/documents.go:232.16,234.3 1 0
github.com/serverkraken/flow/internal/adapter/pgstore/documents.go:235.2,237.18 3 1
github.com/serverkraken/flow/internal/adapter/pgstore/documents.go:237.18,239.17 2 1
github.com/serverkraken/flow/internal/adapter/pgstore/documents.go:239.17,241.4 1 0
github.com/serverkraken/flow/internal/adapter/pgstore/documents.go:242.3,242.23 1 1
github.com/serverkraken/flow/internal/adapter/pgstore/documents.go:244.2,244.24 1 1
github.com/serverkraken/flow/internal/adapter/pgstore/documents.go:247.132,249.16 2 1
github.com/serverkraken/flow/internal/adapter/pgstore/documents.go:249.16,251.3 1 0
github.com/serverkraken/flow/internal/adapter/pgstore/documents.go:252.2,252.15 1 1
github.com/serverkraken/flow/internal/adapter/pgstore/documents.go:252.15,252.39 1 1
github.com/serverkraken/flow/internal/adapter/pgstore/documents.go:253.2,253.101 1 1
github.com/serverkraken/flow/internal/adapter/pgstore/documents.go:253.101,255.3 1 0
github.com/serverkraken/flow/internal/adapter/pgstore/documents.go:256.2,256.26 1 1
github.com/serverkraken/flow/internal/adapter/pgstore/documents.go:256.26,260.78 1 1
github.com/serverkraken/flow/internal/adapter/pgstore/documents.go:260.78,262.4 1 0
github.com/serverkraken/flow/internal/adapter/pgstore/documents.go:264.2,266.22 1 1
github.com/serverkraken/flow/internal/adapter/pgstore/documents.go:266.22,268.3 1 0
github.com/serverkraken/flow/internal/adapter/pgstore/documents.go:269.2,269.23 1 1
github.com/serverkraken/flow/internal/adapter/pgstore/documents.go:272.150,283.19 3 1
github.com/serverkraken/flow/internal/adapter/pgstore/documents.go:283.19,289.3 2 1
github.com/serverkraken/flow/internal/adapter/pgstore/documents.go:289.8,294.3 2 1
github.com/serverkraken/flow/internal/adapter/pgstore/documents.go:295.2,296.16 2 1
github.com/serverkraken/flow/internal/adapter/pgstore/documents.go:296.16,298.3 1 0
github.com/serverkraken/flow/internal/adapter/pgstore/documents.go:299.2,301.18 3 1
github.com/serverkraken/flow/internal/adapter/pgstore/documents.go:301.18,303.17 2 1
github.com/serverkraken/flow/internal/adapter/pgstore/documents.go:303.17,305.4 1 0
github.com/serverkraken/flow/internal/adapter/pgstore/documents.go:306.3,306.23 1 1
github.com/serverkraken/flow/internal/adapter/pgstore/documents.go:308.2,308.24 1 1
github.com/serverkraken/flow/internal/adapter/pgstore/documents.go:313.64,320.95 6 1
github.com/serverkraken/flow/internal/adapter/pgstore/documents.go:320.95,322.3 1 0
github.com/serverkraken/flow/internal/adapter/pgstore/documents.go:323.2,324.20 2 1
github.com/serverkraken/flow/internal/adapter/pgstore/documents.go:324.20,325.57 1 1
github.com/serverkraken/flow/internal/adapter/pgstore/documents.go:325.57,327.4 1 0
github.com/serverkraken/flow/internal/adapter/pgstore/documents.go:329.2,329.79 1 1
github.com/serverkraken/flow/internal/adapter/pgstore/documents.go:332.40,335.2 2 1
github.com/serverkraken/flow/internal/adapter/pgstore/documents.go:337.47,338.14 1 1
github.com/serverkraken/flow/internal/adapter/pgstore/documents.go:338.14,340.3 1 1
github.com/serverkraken/flow/internal/adapter/pgstore/documents.go:341.2,341.10 1 0
github.com/serverkraken/flow/internal/adapter/pgstore/documents.go:344.39,345.14 1 1
github.com/serverkraken/flow/internal/adapter/pgstore/documents.go:345.14,347.3 1 1
github.com/serverkraken/flow/internal/adapter/pgstore/documents.go:348.2,348.10 1 1
github.com/serverkraken/flow/internal/adapter/pgstore/documents.go:351.58,356.78 4 1
github.com/serverkraken/flow/internal/adapter/pgstore/documents.go:356.78,357.36 1 1
github.com/serverkraken/flow/internal/adapter/pgstore/documents.go:357.36,359.4 1 1
github.com/serverkraken/flow/internal/adapter/pgstore/documents.go:360.3,360.74 1 1
github.com/serverkraken/flow/internal/adapter/pgstore/documents.go:362.2,363.20 2 1
github.com/serverkraken/flow/internal/adapter/pgstore/documents.go:363.20,364.57 1 1
github.com/serverkraken/flow/internal/adapter/pgstore/documents.go:364.57,366.4 1 0
github.com/serverkraken/flow/internal/adapter/pgstore/documents.go:368.2,368.15 1 1
github.com/serverkraken/flow/internal/adapter/pgstore/feed_tokens.go:16.60,16.98 1 1
github.com/serverkraken/flow/internal/adapter/pgstore/feed_tokens.go:18.81,20.91 2 1
github.com/serverkraken/flow/internal/adapter/pgstore/feed_tokens.go:20.91,22.3 1 0
github.com/serverkraken/flow/internal/adapter/pgstore/feed_tokens.go:23.2,23.12 1 1
github.com/serverkraken/flow/internal/adapter/pgstore/feed_tokens.go:28.85,32.35 4 1
github.com/serverkraken/flow/internal/adapter/pgstore/feed_tokens.go:32.35,34.3 1 1
github.com/serverkraken/flow/internal/adapter/pgstore/feed_tokens.go:35.2,35.16 1 1
github.com/serverkraken/flow/internal/adapter/pgstore/feed_tokens.go:35.16,37.3 1 0
github.com/serverkraken/flow/internal/adapter/pgstore/feed_tokens.go:38.2,38.19 1 1
github.com/serverkraken/flow/internal/adapter/pgstore/feed_tokens.go:41.101,44.16 3 0
github.com/serverkraken/flow/internal/adapter/pgstore/feed_tokens.go:44.16,46.3 1 0
github.com/serverkraken/flow/internal/adapter/pgstore/feed_tokens.go:47.2,49.18 3 0
github.com/serverkraken/flow/internal/adapter/pgstore/feed_tokens.go:49.18,51.71 2 0
github.com/serverkraken/flow/internal/adapter/pgstore/feed_tokens.go:51.71,53.4 1 0
github.com/serverkraken/flow/internal/adapter/pgstore/feed_tokens.go:54.3,54.24 1 0
github.com/serverkraken/flow/internal/adapter/pgstore/feed_tokens.go:56.2,56.24 1 0
github.com/serverkraken/flow/internal/adapter/pgstore/feed_tokens.go:60.82,62.62 2 1
github.com/serverkraken/flow/internal/adapter/pgstore/feed_tokens.go:62.62,64.3 1 0
github.com/serverkraken/flow/internal/adapter/pgstore/feed_tokens.go:65.2,65.12 1 1
github.com/serverkraken/flow/internal/adapter/pgstore/pool.go:17.70,19.16 2 1
github.com/serverkraken/flow/internal/adapter/pgstore/pool.go:19.16,21.3 1 0
github.com/serverkraken/flow/internal/adapter/pgstore/pool.go:22.2,22.39 1 1
github.com/serverkraken/flow/internal/adapter/pgstore/pool.go:22.39,25.3 2 0
github.com/serverkraken/flow/internal/adapter/pgstore/pool.go:26.2,26.18 1 1
github.com/serverkraken/flow/internal/adapter/pgstore/pool.go:30.61,32.15 2 1
github.com/serverkraken/flow/internal/adapter/pgstore/pool.go:32.15,32.33 1 1
github.com/serverkraken/flow/internal/adapter/pgstore/pool.go:33.2,34.53 2 1
github.com/serverkraken/flow/internal/adapter/pgstore/pool.go:34.53,36.3 1 0
github.com/serverkraken/flow/internal/adapter/pgstore/pool.go:37.2,37.63 1 1
github.com/serverkraken/flow/internal/adapter/pgstore/pool.go:37.63,39.3 1 0
github.com/serverkraken/flow/internal/adapter/pgstore/pool.go:40.2,40.12 1 1
github.com/serverkraken/flow/internal/adapter/pgstore/projects.go:16.56,16.92 1 1
github.com/serverkraken/flow/internal/adapter/pgstore/projects.go:18.94,26.2 3 1
github.com/serverkraken/flow/internal/adapter/pgstore/projects.go:28.92,33.16 3 1
github.com/serverkraken/flow/internal/adapter/pgstore/projects.go:33.16,35.3 1 0
github.com/serverkraken/flow/internal/adapter/pgstore/projects.go:36.2,38.18 3 1
github.com/serverkraken/flow/internal/adapter/pgstore/projects.go:38.18,40.17 2 1
github.com/serverkraken/flow/internal/adapter/pgstore/projects.go:40.17,42.4 1 0
github.com/serverkraken/flow/internal/adapter/pgstore/projects.go:43.3,43.23 1 1
github.com/serverkraken/flow/internal/adapter/pgstore/projects.go:45.2,45.24 1 1
github.com/serverkraken/flow/internal/adapter/pgstore/projects.go:48.93,53.35 3 1
github.com/serverkraken/flow/internal/adapter/pgstore/projects.go:53.35,55.3 1 1
github.com/serverkraken/flow/internal/adapter/pgstore/projects.go:56.2,56.15 1 1
github.com/serverkraken/flow/internal/adapter/pgstore/projects.go:63.99,67.16 4 1
github.com/serverkraken/flow/internal/adapter/pgstore/projects.go:67.16,69.3 1 0
github.com/serverkraken/flow/internal/adapter/pgstore/projects.go:70.2,70.29 1 1
github.com/serverkraken/flow/internal/adapter/pgstore/projects.go:70.29,72.3 1 1
github.com/serverkraken/flow/internal/adapter/pgstore/projects.go:73.2,73.12 1 1
github.com/serverkraken/flow/internal/adapter/pgstore/projects.go:77.50,78.14 1 1
github.com/serverkraken/flow/internal/adapter/pgstore/projects.go:78.14,80.3 1 1
github.com/serverkraken/flow/internal/adapter/pgstore/projects.go:81.2,82.15 2 1
github.com/serverkraken/flow/internal/adapter/pgstore/projects.go:85.56,90.135 5 1
github.com/serverkraken/flow/internal/adapter/pgstore/projects.go:90.135,91.36 1 1
github.com/serverkraken/flow/internal/adapter/pgstore/projects.go:91.36,93.4 1 1
github.com/serverkraken/flow/internal/adapter/pgstore/projects.go:94.3,94.72 1 0
github.com/serverkraken/flow/internal/adapter/pgstore/projects.go:96.2,97.32 2 1
github.com/serverkraken/flow/internal/adapter/pgstore/projects.go:97.32,99.3 1 0
github.com/serverkraken/flow/internal/adapter/pgstore/projects.go:100.2,100.28 1 1
github.com/serverkraken/flow/internal/adapter/pgstore/projects.go:100.28,102.3 1 1
github.com/serverkraken/flow/internal/adapter/pgstore/projects.go:103.2,103.15 1 1
github.com/serverkraken/flow/internal/adapter/pgstore/sessions.go:17.56,17.92 1 1
github.com/serverkraken/flow/internal/adapter/pgstore/sessions.go:19.103,26.2 2 1
github.com/serverkraken/flow/internal/adapter/pgstore/sessions.go:28.103,33.35 3 1
github.com/serverkraken/flow/internal/adapter/pgstore/sessions.go:33.35,35.3 1 1
github.com/serverkraken/flow/internal/adapter/pgstore/sessions.go:36.2,36.16 1 1
github.com/serverkraken/flow/internal/adapter/pgstore/sessions.go:36.16,38.3 1 0
github.com/serverkraken/flow/internal/adapter/pgstore/sessions.go:39.2,39.22 1 1
github.com/serverkraken/flow/internal/adapter/pgstore/sessions.go:42.133,48.35 3 1
github.com/serverkraken/flow/internal/adapter/pgstore/sessions.go:48.35,50.3 1 1
github.com/serverkraken/flow/internal/adapter/pgstore/sessions.go:51.2,51.16 1 1
github.com/serverkraken/flow/internal/adapter/pgstore/sessions.go:54.171,60.35 3 1
github.com/serverkraken/flow/internal/adapter/pgstore/sessions.go:60.35,62.3 1 1
github.com/serverkraken/flow/internal/adapter/pgstore/sessions.go:63.2,63.16 1 1
github.com/serverkraken/flow/internal/adapter/pgstore/sessions.go:66.78,69.16 3 1
github.com/serverkraken/flow/internal/adapter/pgstore/sessions.go:69.16,71.3 1 0
github.com/serverkraken/flow/internal/adapter/pgstore/sessions.go:72.2,72.28 1 1
github.com/serverkraken/flow/internal/adapter/pgstore/sessions.go:72.28,74.3 1 1
github.com/serverkraken/flow/internal/adapter/pgstore/sessions.go:75.2,75.12 1 1
github.com/serverkraken/flow/internal/adapter/pgstore/sessions.go:78.113,84.16 3 1
github.com/serverkraken/flow/internal/adapter/pgstore/sessions.go:84.16,86.3 1 0
github.com/serverkraken/flow/internal/adapter/pgstore/sessions.go:87.2,89.18 3 1
github.com/serverkraken/flow/internal/adapter/pgstore/sessions.go:89.18,91.17 2 1
github.com/serverkraken/flow/internal/adapter/pgstore/sessions.go:91.17,93.4 1 0
github.com/serverkraken/flow/internal/adapter/pgstore/sessions.go:94.3,94.24 1 1
github.com/serverkraken/flow/internal/adapter/pgstore/sessions.go:96.2,96.24 1 1
github.com/serverkraken/flow/internal/adapter/pgstore/sessions.go:99.60,101.122 2 1
github.com/serverkraken/flow/internal/adapter/pgstore/sessions.go:101.122,102.36 1 1
github.com/serverkraken/flow/internal/adapter/pgstore/sessions.go:102.36,104.4 1 1
github.com/serverkraken/flow/internal/adapter/pgstore/sessions.go:105.3,105.76 1 1
github.com/serverkraken/flow/internal/adapter/pgstore/sessions.go:107.2,107.16 1 1
github.com/serverkraken/flow/internal/adapter/pgstore/user_settings.go:16.66,18.2 1 1
github.com/serverkraken/flow/internal/adapter/pgstore/user_settings.go:23.94,34.35 6 1
github.com/serverkraken/flow/internal/adapter/pgstore/user_settings.go:34.35,38.3 1 1
github.com/serverkraken/flow/internal/adapter/pgstore/user_settings.go:39.2,39.16 1 1
github.com/serverkraken/flow/internal/adapter/pgstore/user_settings.go:39.16,41.3 1 0
github.com/serverkraken/flow/internal/adapter/pgstore/user_settings.go:42.2,43.23 2 1
github.com/serverkraken/flow/internal/adapter/pgstore/user_settings.go:43.23,44.15 1 1
github.com/serverkraken/flow/internal/adapter/pgstore/user_settings.go:44.15,46.4 1 1
github.com/serverkraken/flow/internal/adapter/pgstore/user_settings.go:48.2,49.59 1 1
github.com/serverkraken/flow/internal/adapter/pgstore/user_settings.go:52.91,57.61 2 1
github.com/serverkraken/flow/internal/adapter/pgstore/user_settings.go:57.61,59.3 1 0
github.com/serverkraken/flow/internal/adapter/pgstore/user_settings.go:60.2,60.12 1 1
github.com/serverkraken/flow/internal/adapter/pgstore/user_settings.go:63.133,65.28 2 1
github.com/serverkraken/flow/internal/adapter/pgstore/user_settings.go:65.28,66.43 1 1
github.com/serverkraken/flow/internal/adapter/pgstore/user_settings.go:66.43,67.12 1 0
github.com/serverkraken/flow/internal/adapter/pgstore/user_settings.go:69.3,70.19 2 1
github.com/serverkraken/flow/internal/adapter/pgstore/user_settings.go:72.2,89.64 2 1
github.com/serverkraken/flow/internal/adapter/pgstore/user_settings.go:89.64,91.3 1 0
github.com/serverkraken/flow/internal/adapter/pgstore/user_settings.go:92.2,92.12 1 1
github.com/serverkraken/flow/internal/adapter/pgstore/users.go:16.50,16.83 1 1
github.com/serverkraken/flow/internal/adapter/pgstore/users.go:18.90,28.16 4 1
github.com/serverkraken/flow/internal/adapter/pgstore/users.go:28.16,30.3 1 0
github.com/serverkraken/flow/internal/adapter/pgstore/users.go:31.2,31.17 1 1
github.com/serverkraken/flow/internal/adapter/pgstore/users.go:34.84,38.35 4 1
github.com/serverkraken/flow/internal/adapter/pgstore/users.go:38.35,40.3 1 1
github.com/serverkraken/flow/internal/adapter/pgstore/users.go:41.2,41.16 1 0
github.com/serverkraken/flow/internal/adapter/pgstore/users.go:41.16,43.3 1 0
github.com/serverkraken/flow/internal/adapter/pgstore/users.go:44.2,44.17 1 0
github.com/serverkraken/flow/internal/adapter/pgstore/users.go:47.82,51.35 4 0
github.com/serverkraken/flow/internal/adapter/pgstore/users.go:51.35,53.3 1 0
github.com/serverkraken/flow/internal/adapter/pgstore/users.go:54.2,54.16 1 0
github.com/serverkraken/flow/internal/adapter/pgstore/users.go:54.16,56.3 1 0
github.com/serverkraken/flow/internal/adapter/pgstore/users.go:57.2,57.17 1 0
